#
# A fatal error has been detected by the Java Runtime Environment:
#
#  SIGSEGV (0xb) at pc=0x0000000108c9cdd0, pid=17022, tid=16643
#
# JRE version: Java(TM) SE Runtime Environment (8.0_11-b12) (build 1.8.0_11-b12)
# Java VM: Java HotSpot(TM) 64-Bit Server VM (25.11-b03 mixed mode bsd-amd64 compressed oops)
# Problematic frame:
# V  [libjvm.dylib+0xd0dd0]  OopFlow::build_oop_map(Node*, int, PhaseRegAlloc*, int*)+0xd2
#
# Failed to write core dump. Core dumps have been disabled. To enable core dumping, try "ulimit -c unlimited" before starting Java again
#
# If you would like to submit a bug report, please visit:
#   http://bugreport.sun.com/bugreport/crash.jsp
#

---------------  T H R E A D  ---------------

Current thread (0x00007ffe5c067800):  JavaThread "C2 CompilerThread0" daemon [_thread_in_native, id=16643, stack(0x000000011f117000,0x000000011f217000)]

siginfo:si_signo=SIGSEGV: si_errno=0, si_code=1 (SEGV_MAPERR), si_addr=0x0000000000000000

Registers:
RAX=0x00007ffe5c6f2978, RBX=0x00007ffe5c2210d8, RCX=0x0000000000000000, RDX=0x0000000000000008
RSP=0x000000011f213870, RBP=0x000000011f2138e0, RSI=0x000000000000001c, RDI=0x0000000000000000
R8 =0x00007ffe5c6ee0f0, R9 =0x00007ffe5dd89ca0, R10=0x000000000000006b, R11=0x00000000000008d0
R12=0x0000000000000000, R13=0x0000000000000013, R14=0x00007ffe5c2210d8, R15=0x00000000000000c0
RIP=0x0000000108c9cdd0, EFLAGS=0x0000000000010206, ERR=0x0000000000000004
  TRAPNO=0x000000000000000e

Top of Stack: (sp=0x000000011f213870)
0x000000011f213870:   000000011f2138e0 00000000000000da
0x000000011f213880:   00007ffe5c6ee0f0 00007ffe5bde0590
0x000000011f213890:   00007ffe5c6f3050 0000001c00000008
0x000000011f2138a0:   000000011f214550 00007ffe5c6f3080
0x000000011f2138b0:   00000000000000b8 00007ffe5c6f3050
0x000000011f2138c0:   0000000000000012 0000000000000013
0x000000011f2138d0:   00007ffe5c2210d8 00007ffe5c6fffff
0x000000011f2138e0:   000000011f213940 0000000108c9caed
0x000000011f2138f0:   000000011f213940 000000da1f215fd0
0x000000011f213900:   00007ffe5c719880 0000000a5c6f2970
0x000000011f213910:   000000011f214550 00007ffe5dd8a420
0x000000011f213920:   00007ffe5c6f3050 0000000000000004
0x000000011f213930:   00007ffe5c6efa10 00007ffe5c6f2780
0x000000011f213940:   000000011f213a40 0000000108c9da1b
0x000000011f213950:   000000000121e7c0 0000000000000007
0x000000011f213960:   0000000000000007 00007ffe5c71be00
0x000000011f213970:   00000000000000da 000000000000001c
0x000000011f213980:   00007ffe5c71be00 00007ffe5b52e860
0x000000011f213990:   000000011f215fd0 0000000000000007
0x000000011f2139a0:   00007ffe5c71be00 0000000000000007
0x000000011f2139b0:   ffffffffffffffff 000000011f214680
0x000000011f2139c0:   00007ffe5dd8aca0 00007ffe5c719880
0x000000011f2139d0:   00000000000006d0 00000000000001b4
0x000000011f2139e0:   0000000000000000 0000000100000080
0x000000011f2139f0:   00007ffe5b52e860 00007ffe5c71c120
0x000000011f213a00:   00007ffe00000004 0000000000000014
0x000000011f213a10:   0000000000000000 000000011f215fd0
0x000000011f213a20:   000000011f214680 0000000000000b1b
0x000000011f213a30:   00007ffe5c715e10 000000011f216798
0x000000011f213a40:   000000011f213a90 00000001090183d8
0x000000011f213a50:   00007ffe5c2206b8 00007ffe5c5dc188
0x000000011f213a60:   000000011f216140 000000011f215fd0 

Instructions: (pc=0x0000000108c9cdd0)
0x0000000108c9cdb0:   00 00 44 89 ff 8b 75 bc 8b 55 b8 e8 fa 0c 00 00
0x0000000108c9cdc0:   48 89 45 d0 48 8b 45 b0 48 8b 40 08 4e 8b 24 f8
0x0000000108c9cdd0:   49 8b 04 24 4c 89 e7 ff 50 28 48 63 48 10 48 89
0x0000000108c9cde0:   ca 48 c1 e2 05 48 8d 35 94 8f 6f 00 80 7c 16 10 

Register to memory mapping:

RAX=0x00007ffe5c6f2978 is an unknown value
RBX=0x00007ffe5c2210d8 is an unknown value
RCX=0x0000000000000000 is an unknown value
RDX=0x0000000000000008 is an unknown value
RSP=0x000000011f213870 is pointing into the stack for thread: 0x00007ffe5c067800
RBP=0x000000011f2138e0 is pointing into the stack for thread: 0x00007ffe5c067800
RSI=0x000000000000001c is an unknown value
RDI=0x0000000000000000 is an unknown value
R8 =0x00007ffe5c6ee0f0 is an unknown value
R9 =0x00007ffe5dd89ca0 is an unknown value
R10=0x000000000000006b is an unknown value
R11=0x00000000000008d0 is an unknown value
R12=0x0000000000000000 is an unknown value
R13=0x0000000000000013 is an unknown value
R14=0x00007ffe5c2210d8 is an unknown value
R15=0x00000000000000c0 is an unknown value


Stack: [0x000000011f117000,0x000000011f217000],  sp=0x000000011f213870,  free space=1010k
Native frames: (J=compiled Java code, j=interpreted, Vv=VM code, C=native code)
V  [libjvm.dylib+0xd0dd0]  OopFlow::build_oop_map(Node*, int, PhaseRegAlloc*, int*)+0xd2
V  [libjvm.dylib+0xd0aed]  OopFlow::compute_reach(PhaseRegAlloc*, int, Dict*)+0xa9
V  [libjvm.dylib+0xd1a1b]  Compile::BuildOopMaps()+0x92d
V  [libjvm.dylib+0x44c3d8]  Compile::Output()+0x40c
V  [libjvm.dylib+0x19db98]  Compile::Code_Gen()+0x21a
V  [libjvm.dylib+0x1a15d3]  Compile::Compile(ciEnv*, C2Compiler*, ciMethod*, int, bool, bool, bool)+0x905
V  [libjvm.dylib+0x144992]  C2Compiler::compile_method(ciEnv*, ciMethod*, int)+0xac
V  [libjvm.dylib+0x1a4e7a]  CompileBroker::invoke_compiler_on_method(CompileTask*)+0x5b2
V  [libjvm.dylib+0x1a6f89]  CompileBroker::compiler_thread_loop()+0x2d5
V  [libjvm.dylib+0x51d86d]  JavaThread::thread_main_inner()+0x9b
V  [libjvm.dylib+0x51efaa]  JavaThread::run()+0x1c2
V  [libjvm.dylib+0x446026]  java_start(Thread*)+0xf6
C  [libsystem_pthread.dylib+0x3268]  _pthread_body+0x83
C  [libsystem_pthread.dylib+0x31e5]  _pthread_body+0x0
C  [libsystem_pthread.dylib+0x141d]  thread_start+0xd


Current CompileTask:
C2:  16385 5702       4       groovy.lang.MetaClassImpl::findPropertyMethod (356 bytes)


---------------  P R O C E S S  ---------------

Java Threads: ( => current thread )
  0x00007ffe5e30f800 JavaThread "org.code4good.Role.data" daemon [_thread_blocked, id=24835, stack(0x00000001230a2000,0x00000001231a2000)]
  0x00007ffe5e137000 JavaThread "net.sf.ehcache.CacheManager@72e2649f" daemon [_thread_blocked, id=24583, stack(0x0000000123d09000,0x0000000123e09000)]
  0x00007ffe5c980000 JavaThread "Abandoned connection cleanup thread" daemon [_thread_blocked, id=13063, stack(0x0000000122ed5000,0x0000000122fd5000)]
  0x00007ffe5e101000 JavaThread "PoolCleaner[2118255842:1427597350225]" daemon [_thread_blocked, id=12039, stack(0x0000000122bd2000,0x0000000122cd2000)]
  0x00007ffe5cb71800 JavaThread "FileSystemWatcher: files=#134 cl=groovy.lang.GroovyClassLoader@7e4204e2" daemon [_thread_blocked, id=22275, stack(0x0000000120e73000,0x0000000120f73000)]
  0x00007ffe5e03a800 JavaThread "localhost-startStop-1" daemon [_thread_in_vm, id=21763, stack(0x0000000121485000,0x0000000121585000)]
  0x00007ffe5ce22000 JavaThread "Tomcat-startStop-1" daemon [_thread_blocked, id=21251, stack(0x0000000121006000,0x0000000121106000)]
  0x00007ffe5d584800 JavaThread "Thread-3" [_thread_in_native, id=20739, stack(0x000000012064a000,0x000000012074a000)]
  0x00007ffe5d1af800 JavaThread "Thread-2" [_thread_blocked, id=20227, stack(0x0000000121182000,0x0000000121282000)]
  0x00007ffe5b84f800 JavaThread "NonBlockingInputStreamThread" daemon [_thread_blocked, id=19715, stack(0x000000011fc56000,0x000000011fd56000)]
  0x00007ffe5bae1800 JavaThread "process reaper" daemon [_thread_blocked, id=19203, stack(0x000000011f70b000,0x000000011f733000)]
  0x00007ffe5b8fd800 JavaThread "Service Thread" daemon [_thread_blocked, id=18179, stack(0x000000011f420000,0x000000011f520000)]
  0x00007ffe5c068800 JavaThread "C1 CompilerThread2" daemon [_thread_blocked, id=17667, stack(0x000000011f31d000,0x000000011f41d000)]
  0x00007ffe5d073000 JavaThread "C2 CompilerThread1" daemon [_thread_in_native, id=17155, stack(0x000000011f21a000,0x000000011f31a000)]
=>0x00007ffe5c067800 JavaThread "C2 CompilerThread0" daemon [_thread_in_native, id=16643, stack(0x000000011f117000,0x000000011f217000)]
  0x00007ffe5c00f000 JavaThread "Signal Dispatcher" daemon [_thread_blocked, id=16155, stack(0x000000011ee24000,0x000000011ef24000)]
  0x00007ffe5c034000 JavaThread "Finalizer" daemon [_thread_blocked, id=11011, stack(0x000000011d4f6000,0x000000011d5f6000)]
  0x00007ffe5c808000 JavaThread "Reference Handler" daemon [_thread_blocked, id=10499, stack(0x000000011d3f3000,0x000000011d4f3000)]
  0x00007ffe5c006000 JavaThread "main" [_thread_blocked, id=3331, stack(0x0000000109a8e000,0x0000000109b8e000)]

Other Threads:
  0x00007ffe5c803800 VMThread [stack: 0x000000011d2f0000,0x000000011d3f0000] [id=9987]
  0x00007ffe5d06f800 WatcherThread [stack: 0x000000011f523000,0x000000011f623000] [id=18691]

VM state:not at safepoint (normal execution)

VM Mutex/Monitor currently owned by a thread: None

Heap:
 PSYoungGen      total 205824K, used 94135K [0x00000007b0000000, 0x00000007c0000000, 0x00000007c0000000)
  eden space 174080K, 37% used [0x00000007b0000000,0x00000007b4029708,0x00000007baa00000)
  from space 31744K, 89% used [0x00000007be100000,0x00000007bfcc4720,0x00000007c0000000)
  to   space 44032K, 0% used [0x00000007baa00000,0x00000007baa00000,0x00000007bd500000)
 ParOldGen       total 94208K, used 76303K [0x0000000790000000, 0x0000000795c00000, 0x00000007b0000000)
  object space 94208K, 80% used [0x0000000790000000,0x0000000794a83db8,0x0000000795c00000)
 Metaspace       used 60095K, capacity 61928K, committed 62208K, reserved 1103872K
  class space    used 6768K, capacity 7314K, committed 7424K, reserved 1048576K

Card table byte_map: [0x0000000109c51000,0x0000000109dd2000] byte_map_base: 0x0000000105fd1000

Marking Bits: (ParMarkBitMap*) 0x00000001094330a0
 Begin Bits: [0x0000000119ecc000, 0x000000011aacc000)
 End Bits:   [0x000000011aacc000, 0x000000011b6cc000)

Polling page: 0x0000000109bd2000

CodeCache: size=245760Kb used=18554Kb max_used=19099Kb free=227205Kb
 bounds [0x000000010a600000, 0x000000010b8d0000, 0x0000000119600000]
 total_blobs=6136 nmethods=5375 adapters=673
 compilation: enabled

Compilation events (10 events):
Event: 16.332 Thread 0x00007ffe5c068800 5839       2       org.codehaus.groovy.grails.commons.metaclass.BaseApiProvider::isConstructorCallMethod (50 bytes)
Event: 16.332 Thread 0x00007ffe5c068800 nmethod 5839 0x000000010a760590 code [0x000000010a760700, 0x000000010a760958]
Event: 16.342 Thread 0x00007ffe5c068800 5840       2       sun.reflect.ClassFileAssembler::opc_swap (7 bytes)
Event: 16.342 Thread 0x00007ffe5c068800 nmethod 5840 0x000000010aa249d0 code [0x000000010aa24b40, 0x000000010aa24ce8]
Event: 16.342 Thread 0x00007ffe5c068800 5841       2       sun.reflect.AccessorGenerator::emitMethod (275 bytes)
Event: 16.345 Thread 0x00007ffe5c068800 nmethod 5841 0x000000010a855f50 code [0x000000010a856360, 0x000000010a8578f8]
Event: 16.345 Thread 0x00007ffe5c068800 5842       2       sun.reflect.ClassFileAssembler::getMaxStack (6 bytes)
Event: 16.345 Thread 0x00007ffe5c068800 nmethod 5842 0x000000010a855c10 code [0x000000010a855d60, 0x000000010a855eb0]
Event: 16.345 Thread 0x00007ffe5c068800 5843       2       org.codehaus.groovy.grails.commons.metaclass.BaseApiProvider$1::getName (24 bytes)
Event: 16.346 Thread 0x00007ffe5c068800 nmethod 5843 0x000000010a893b10 code [0x000000010a893c80, 0x000000010a893e48]

GC Heap History (10 events):
Event: 12.895 GC heap before
{Heap before GC invocations=78 (full 7):
 PSYoungGen      total 214016K, used 205021K [0x00000007b0000000, 0x00000007bea80000, 0x00000007c0000000)
  eden space 190976K, 100% used [0x00000007b0000000,0x00000007bba80000,0x00000007bba80000)
  from space 23040K, 60% used [0x00000007bd180000,0x00000007bdf37660,0x00000007be800000)
  to   space 23552K, 0% used [0x00000007bba80000,0x00000007bba80000,0x00000007bd180000)
 ParOldGen       total 76800K, used 62952K [0x0000000790000000, 0x0000000794b00000, 0x00000007b0000000)
  object space 76800K, 81% used [0x0000000790000000,0x0000000793d7a258,0x0000000794b00000)
 Metaspace       used 55246K, capacity 56898K, committed 57344K, reserved 1099776K
  class space    used 6156K, capacity 6651K, committed 6656K, reserved 1048576K
Event: 12.916 GC heap after
Heap after GC invocations=78 (full 7):
 PSYoungGen      total 214528K, used 19254K [0x00000007b0000000, 0x00000007bfa80000, 0x00000007c0000000)
  eden space 190976K, 0% used [0x00000007b0000000,0x00000007b0000000,0x00000007bba80000)
  from space 23552K, 81% used [0x00000007bba80000,0x00000007bcd4db38,0x00000007bd180000)
  to   space 26112K, 0% used [0x00000007be100000,0x00000007be100000,0x00000007bfa80000)
 ParOldGen       total 76800K, used 62960K [0x0000000790000000, 0x0000000794b00000, 0x00000007b0000000)
  object space 76800K, 81% used [0x0000000790000000,0x0000000793d7c258,0x0000000794b00000)
 Metaspace       used 55246K, capacity 56898K, committed 57344K, reserved 1099776K
  class space    used 6156K, capacity 6651K, committed 6656K, reserved 1048576K
}
Event: 13.808 GC heap before
{Heap before GC invocations=79 (full 7):
 PSYoungGen      total 214528K, used 210230K [0x00000007b0000000, 0x00000007bfa80000, 0x00000007c0000000)
  eden space 190976K, 100% used [0x00000007b0000000,0x00000007bba80000,0x00000007bba80000)
  from space 23552K, 81% used [0x00000007bba80000,0x00000007bcd4db38,0x00000007bd180000)
  to   space 26112K, 0% used [0x00000007be100000,0x00000007be100000,0x00000007bfa80000)
 ParOldGen       total 76800K, used 62960K [0x0000000790000000, 0x0000000794b00000, 0x00000007b0000000)
  object space 76800K, 81% used [0x0000000790000000,0x0000000793d7c258,0x0000000794b00000)
 Metaspace       used 56821K, capacity 58406K, committed 58880K, reserved 1101824K
  class space    used 6282K, capacity 6786K, committed 6912K, reserved 1048576K
Event: 13.861 GC heap after
Heap after GC invocations=79 (full 7):
 PSYoungGen      total 225280K, used 26102K [0x00000007b0000000, 0x00000007c0000000, 0x00000007c0000000)
  eden space 199168K, 0% used [0x00000007b0000000,0x00000007b0000000,0x00000007bc280000)
  from space 26112K, 99% used [0x00000007be100000,0x00000007bfa7db18,0x00000007bfa80000)
  to   space 31232K, 0% used [0x00000007bc280000,0x00000007bc280000,0x00000007be100000)
 ParOldGen       total 76800K, used 65524K [0x0000000790000000, 0x0000000794b00000, 0x00000007b0000000)
  object space 76800K, 85% used [0x0000000790000000,0x0000000793ffd260,0x0000000794b00000)
 Metaspace       used 56821K, capacity 58406K, committed 58880K, reserved 1101824K
  class space    used 6282K, capacity 6786K, committed 6912K, reserved 1048576K
}
Event: 14.629 GC heap before
{Heap before GC invocations=80 (full 7):
 PSYoungGen      total 225280K, used 225270K [0x00000007b0000000, 0x00000007c0000000, 0x00000007c0000000)
  eden space 199168K, 100% used [0x00000007b0000000,0x00000007bc280000,0x00000007bc280000)
  from space 26112K, 99% used [0x00000007be100000,0x00000007bfa7db18,0x00000007bfa80000)
  to   space 31232K, 0% used [0x00000007bc280000,0x00000007bc280000,0x00000007be100000)
 ParOldGen       total 76800K, used 65524K [0x0000000790000000, 0x0000000794b00000, 0x00000007b0000000)
  object space 76800K, 85% used [0x0000000790000000,0x0000000793ffd260,0x0000000794b00000)
 Metaspace       used 58719K, capacity 60428K, committed 60928K, reserved 1103872K
  class space    used 6554K, capacity 7054K, committed 7168K, reserved 1048576K
Event: 14.659 GC heap after
Heap after GC invocations=80 (full 7):
 PSYoungGen      total 230400K, used 31200K [0x00000007b0000000, 0x00000007c0000000, 0x00000007c0000000)
  eden space 199168K, 0% used [0x00000007b0000000,0x00000007b0000000,0x00000007bc280000)
  from space 31232K, 99% used [0x00000007bc280000,0x00000007be0f80b0,0x00000007be100000)
  to   space 31744K, 0% used [0x00000007be100000,0x00000007be100000,0x00000007c0000000)
 ParOldGen       total 76800K, used 70200K [0x0000000790000000, 0x0000000794b00000, 0x00000007b0000000)
  object space 76800K, 91% used [0x0000000790000000,0x000000079448e220,0x0000000794b00000)
 Metaspace       used 58719K, capacity 60428K, committed 60928K, reserved 1103872K
  class space    used 6554K, capacity 7054K, committed 7168K, reserved 1048576K
}
Event: 15.226 GC heap before
{Heap before GC invocations=81 (full 7):
 PSYoungGen      total 230400K, used 221549K [0x00000007b0000000, 0x00000007c0000000, 0x00000007c0000000)
  eden space 199168K, 95% used [0x00000007b0000000,0x00000007bb9e35b0,0x00000007bc280000)
  from space 31232K, 99% used [0x00000007bc280000,0x00000007be0f80b0,0x00000007be100000)
  to   space 31744K, 0% used [0x00000007be100000,0x00000007be100000,0x00000007c0000000)
 ParOldGen       total 76800K, used 70200K [0x0000000790000000, 0x0000000794b00000, 0x00000007b0000000)
  object space 76800K, 91% used [0x0000000790000000,0x000000079448e220,0x0000000794b00000)
 Metaspace       used 59945K, capacity 61770K, committed 61952K, reserved 1103872K
  class space    used 6736K, capacity 7307K, committed 7424K, reserved 1048576K
Event: 15.259 GC heap after
Heap after GC invocations=81 (full 7):
 PSYoungGen      total 205824K, used 31720K [0x00000007b0000000, 0x00000007c0000000, 0x00000007c0000000)
  eden space 174080K, 0% used [0x00000007b0000000,0x00000007b0000000,0x00000007baa00000)
  from space 31744K, 99% used [0x00000007be100000,0x00000007bfffa170,0x00000007c0000000)
  to   space 44032K, 0% used [0x00000007baa00000,0x00000007baa00000,0x00000007bd500000)
 ParOldGen       total 76800K, used 75851K [0x0000000790000000, 0x0000000794b00000, 0x00000007b0000000)
  object space 76800K, 98% used [0x0000000790000000,0x0000000794a12cf8,0x0000000794b00000)
 Metaspace       used 59945K, capacity 61770K, committed 61952K, reserved 1103872K
  class space    used 6736K, capacity 7307K, committed 7424K, reserved 1048576K
}
Event: 15.259 GC heap before
{Heap before GC invocations=82 (full 8):
 PSYoungGen      total 205824K, used 31720K [0x00000007b0000000, 0x00000007c0000000, 0x00000007c0000000)
  eden space 174080K, 0% used [0x00000007b0000000,0x00000007b0000000,0x00000007baa00000)
  from space 31744K, 99% used [0x00000007be100000,0x00000007bfffa170,0x00000007c0000000)
  to   space 44032K, 0% used [0x00000007baa00000,0x00000007baa00000,0x00000007bd500000)
 ParOldGen       total 76800K, used 75851K [0x0000000790000000, 0x0000000794b00000, 0x00000007b0000000)
  object space 76800K, 98% used [0x0000000790000000,0x0000000794a12cf8,0x0000000794b00000)
 Metaspace       used 59945K, capacity 61770K, committed 61952K, reserved 1103872K
  class space    used 6736K, capacity 7307K, committed 7424K, reserved 1048576K
Event: 16.265 GC heap after
Heap after GC invocations=82 (full 8):
 PSYoungGen      total 205824K, used 28433K [0x00000007b0000000, 0x00000007c0000000, 0x00000007c0000000)
  eden space 174080K, 0% used [0x00000007b0000000,0x00000007b0000000,0x00000007baa00000)
  from space 31744K, 89% used [0x00000007be100000,0x00000007bfcc4720,0x00000007c0000000)
  to   space 44032K, 0% used [0x00000007baa00000,0x00000007baa00000,0x00000007bd500000)
 ParOldGen       total 94208K, used 76303K [0x0000000790000000, 0x0000000795c00000, 0x00000007b0000000)
  object space 94208K, 80% used [0x0000000790000000,0x0000000794a83db8,0x0000000795c00000)
 Metaspace       used 59945K, capacity 61770K, committed 61952K, reserved 1103872K
  class space    used 6736K, capacity 7307K, committed 7424K, reserved 1048576K
}

Deoptimization events (10 events):
Event: 11.891 Thread 0x00007ffe5e03a800 Uncommon trap: reason=class_check action=maybe_recompile pc=0x000000010aeb7ca0 method=java.util.regex.Matcher.search(I)Z @ 86
Event: 11.892 Thread 0x00007ffe5e03a800 Uncommon trap: reason=class_check action=maybe_recompile pc=0x000000010ae16708 method=java.util.regex.Matcher.search(I)Z @ 86
Event: 11.922 Thread 0x00007ffe5e03a800 Uncommon trap: reason=null_assert action=make_not_entrant pc=0x000000010b0230f8 method=java.util.concurrent.ConcurrentHashMap.putVal(Ljava/lang/Object;Ljava/lang/Object;Z)Ljava/lang/Object; @ 264
Event: 12.313 Thread 0x00007ffe5e03a800 Uncommon trap: reason=unreached action=reinterpret pc=0x000000010b64f270 method=java.lang.reflect.Method.equals(Ljava/lang/Object;)Z @ 1
Event: 12.402 Thread 0x00007ffe5e03a800 Uncommon trap: reason=unloaded action=reinterpret pc=0x000000010b4d1270 method=com.sun.beans.TypeResolver.resolve(Ljava/lang/reflect/Type;Ljava/lang/reflect/Type;)Ljava/lang/reflect/Type; @ 175
Event: 12.414 Thread 0x00007ffe5e03a800 Uncommon trap: reason=unreached action=reinterpret pc=0x000000010b656cf0 method=org.codehaus.groovy.runtime.metaclass.MetaMethodIndex.isNonRealMethod(Lgroovy/lang/MetaMethod;)Z @ 4
Event: 13.115 Thread 0x00007ffe5e03a800 Uncommon trap: reason=bimorphic action=maybe_recompile pc=0x000000010b75a95c method=groovy.lang.MetaClassImpl$1MOPIter.methodNameAction(Ljava/lang/Class;Lorg/codehaus/groovy/runtime/metaclass/MetaMethodIndex$Entry;)V @ 62
Event: 13.115 Thread 0x00007ffe5e03a800 Uncommon trap: reason=bimorphic action=maybe_recompile pc=0x000000010b75a95c method=groovy.lang.MetaClassImpl$1MOPIter.methodNameAction(Ljava/lang/Class;Lorg/codehaus/groovy/runtime/metaclass/MetaMethodIndex$Entry;)V @ 62
Event: 13.115 Thread 0x00007ffe5e03a800 Uncommon trap: reason=bimorphic action=maybe_recompile pc=0x000000010b75a95c method=groovy.lang.MetaClassImpl$1MOPIter.methodNameAction(Ljava/lang/Class;Lorg/codehaus/groovy/runtime/metaclass/MetaMethodIndex$Entry;)V @ 62
Event: 13.115 Thread 0x00007ffe5e03a800 Uncommon trap: reason=bimorphic action=maybe_recompile pc=0x000000010b75a95c method=groovy.lang.MetaClassImpl$1MOPIter.methodNameAction(Ljava/lang/Class;Lorg/codehaus/groovy/runtime/metaclass/MetaMethodIndex$Entry;)V @ 62

Internal exceptions (10 events):
Event: 16.363 Thread 0x00007ffe5e03a800 Exception <a 'java/security/PrivilegedActionException'> (0x00000007b31a5708) thrown at [/HUDSON3/workspace/8-2-build-macosx-x86_64/jdk8u11/648/hotspot/src/share/vm/prims/jvm.cpp, line 1248]
Event: 16.364 Thread 0x00007ffe5e03a800 Exception <a 'java/security/PrivilegedActionException'> (0x00000007b31b1158) thrown at [/HUDSON3/workspace/8-2-build-macosx-x86_64/jdk8u11/648/hotspot/src/share/vm/prims/jvm.cpp, line 1248]
Event: 16.365 Thread 0x00007ffe5e03a800 Exception <a 'java/security/PrivilegedActionException'> (0x00000007b31b5ea8) thrown at [/HUDSON3/workspace/8-2-build-macosx-x86_64/jdk8u11/648/hotspot/src/share/vm/prims/jvm.cpp, line 1248]
Event: 16.365 Thread 0x00007ffe5e03a800 Exception <a 'java/security/PrivilegedActionException'> (0x00000007b31c2c08) thrown at [/HUDSON3/workspace/8-2-build-macosx-x86_64/jdk8u11/648/hotspot/src/share/vm/prims/jvm.cpp, line 1248]
Event: 16.365 Thread 0x00007ffe5e03a800 Exception <a 'java/security/PrivilegedActionException'> (0x00000007b31c7498) thrown at [/HUDSON3/workspace/8-2-build-macosx-x86_64/jdk8u11/648/hotspot/src/share/vm/prims/jvm.cpp, line 1248]
Event: 16.366 Thread 0x00007ffe5e03a800 Exception <a 'java/security/PrivilegedActionException'> (0x00000007b31d6710) thrown at [/HUDSON3/workspace/8-2-build-macosx-x86_64/jdk8u11/648/hotspot/src/share/vm/prims/jvm.cpp, line 1248]
Event: 16.366 Thread 0x00007ffe5e03a800 Exception <a 'java/security/PrivilegedActionException'> (0x00000007b31db0d0) thrown at [/HUDSON3/workspace/8-2-build-macosx-x86_64/jdk8u11/648/hotspot/src/share/vm/prims/jvm.cpp, line 1248]
Event: 16.367 Thread 0x00007ffe5e03a800 Exception <a 'java/security/PrivilegedActionException'> (0x00000007b3215510) thrown at [/HUDSON3/workspace/8-2-build-macosx-x86_64/jdk8u11/648/hotspot/src/share/vm/prims/jvm.cpp, line 1248]
Event: 16.367 Thread 0x00007ffe5e03a800 Exception <a 'java/security/PrivilegedActionException'> (0x00000007b3219510) thrown at [/HUDSON3/workspace/8-2-build-macosx-x86_64/jdk8u11/648/hotspot/src/share/vm/prims/jvm.cpp, line 1248]
Event: 16.368 Thread 0x00007ffe5e03a800 Exception <a 'java/security/PrivilegedActionException'> (0x00000007b32297d0) thrown at [/HUDSON3/workspace/8-2-build-macosx-x86_64/jdk8u11/648/hotspot/src/share/vm/prims/jvm.cpp, line 1248]

Events (10 events):
Event: 16.363 loading class org/codehaus/groovy/grails/support/encoding/EncodingStateRegistryLookup
Event: 16.363 loading class org/codehaus/groovy/grails/support/encoding/EncodingStateRegistryLookup done
Event: 16.364 loading class org/codehaus/groovy/grails/web/util/StreamCharBuffer$MultipartCharBufferChunk
Event: 16.364 loading class org/codehaus/groovy/grails/web/util/StreamCharBuffer$MultipartCharBufferChunk done
Event: 16.365 loading class org/codehaus/groovy/grails/web/util/StreamCharBuffer$CharBufferChunk
Event: 16.365 loading class org/codehaus/groovy/grails/web/util/StreamCharBuffer$CharBufferChunk done
Event: 16.366 loading class org/codehaus/groovy/grails/web/util/StreamCharBuffer$StreamCharBufferKey
Event: 16.366 loading class org/codehaus/groovy/grails/web/util/StreamCharBuffer$StreamCharBufferKey done
Event: 16.367 loading class org/codehaus/groovy/grails/web/util/StreamCharBufferBeanInfo
Event: 16.367 loading class org/codehaus/groovy/grails/web/util/StreamCharBufferBeanInfo done


Dynamic libraries:
0x00000000045da000 	/System/Library/Frameworks/Cocoa.framework/Versions/A/Cocoa
0x00000000045da000 	/System/Library/Frameworks/Security.framework/Versions/A/Security
0x00000000045da000 	/System/Library/Frameworks/ApplicationServices.framework/Versions/A/ApplicationServices
0x00000000045da000 	/usr/lib/libz.1.dylib
0x00000000045da000 	/usr/lib/libSystem.B.dylib
0x00000000045da000 	/usr/lib/libobjc.A.dylib
0x00000000045da000 	/System/Library/Frameworks/CoreFoundation.framework/Versions/A/CoreFoundation
0x00000000045da000 	/System/Library/Frameworks/Foundation.framework/Versions/C/Foundation
0x00000000045da000 	/System/Library/Frameworks/AppKit.framework/Versions/C/AppKit
0x00000000045da000 	/System/Library/Frameworks/CoreData.framework/Versions/A/CoreData
0x00000000045da000 	/System/Library/PrivateFrameworks/RemoteViewServices.framework/Versions/A/RemoteViewServices
0x00000000045da000 	/System/Library/PrivateFrameworks/UIFoundation.framework/Versions/A/UIFoundation
0x00000000045da000 	/System/Library/Frameworks/IOSurface.framework/Versions/A/IOSurface
0x00000000045da000 	/System/Library/Frameworks/AudioToolbox.framework/Versions/A/AudioToolbox
0x00000000045da000 	/System/Library/Frameworks/AudioUnit.framework/Versions/A/AudioUnit
0x00000000045da000 	/System/Library/PrivateFrameworks/DataDetectorsCore.framework/Versions/A/DataDetectorsCore
0x00000000045da000 	/System/Library/PrivateFrameworks/DesktopServicesPriv.framework/Versions/A/DesktopServicesPriv
0x00000000045da000 	/System/Library/Frameworks/Carbon.framework/Versions/A/Frameworks/HIToolbox.framework/Versions/A/HIToolbox
0x00000000045da000 	/System/Library/Frameworks/QuartzCore.framework/Versions/A/QuartzCore
0x00000000045da000 	/System/Library/Frameworks/Carbon.framework/Versions/A/Frameworks/SpeechRecognition.framework/Versions/A/SpeechRecognition
0x00000000045da000 	/usr/lib/libauto.dylib
0x00000000045da000 	/usr/lib/libicucore.A.dylib
0x00000000045da000 	/usr/lib/libxml2.2.dylib
0x00000000045da000 	/System/Library/PrivateFrameworks/CoreUI.framework/Versions/A/CoreUI
0x00000000045da000 	/System/Library/Frameworks/CoreAudio.framework/Versions/A/CoreAudio
0x00000000045da000 	/System/Library/Frameworks/DiskArbitration.framework/Versions/A/DiskArbitration
0x00000000045da000 	/usr/lib/liblangid.dylib
0x00000000045da000 	/System/Library/PrivateFrameworks/MultitouchSupport.framework/Versions/A/MultitouchSupport
0x00000000045da000 	/System/Library/Frameworks/IOKit.framework/Versions/A/IOKit
0x00000000045da000 	/usr/lib/libDiagnosticMessagesClient.dylib
0x00000000045da000 	/System/Library/Frameworks/CoreServices.framework/Versions/A/CoreServices
0x00000000045da000 	/System/Library/PrivateFrameworks/PerformanceAnalysis.framework/Versions/A/PerformanceAnalysis
0x00000000045da000 	/System/Library/PrivateFrameworks/GenerationalStorage.framework/Versions/A/GenerationalStorage
0x00000000045da000 	/System/Library/Frameworks/OpenGL.framework/Versions/A/OpenGL
0x00000000045da000 	/System/Library/PrivateFrameworks/Sharing.framework/Versions/A/Sharing
0x00000000045da000 	/System/Library/Frameworks/CoreGraphics.framework/Versions/A/CoreGraphics
0x00000000045da000 	/System/Library/Frameworks/CoreText.framework/Versions/A/CoreText
0x00000000045da000 	/System/Library/Frameworks/ImageIO.framework/Versions/A/ImageIO
0x00000000045da000 	/usr/lib/libextension.dylib
0x00000000045da000 	/System/Library/PrivateFrameworks/Backup.framework/Versions/A/Backup
0x00000000045da000 	/usr/lib/libarchive.2.dylib
0x00000000045da000 	/System/Library/Frameworks/CFNetwork.framework/Versions/A/CFNetwork
0x00000000045da000 	/System/Library/Frameworks/SystemConfiguration.framework/Versions/A/SystemConfiguration
0x00000000045da000 	/usr/lib/libCRFSuite.dylib
0x00000000045da000 	/usr/lib/libc++.1.dylib
0x00000000045da000 	/usr/lib/libc++abi.dylib
0x00000000045da000 	/usr/lib/system/libcache.dylib
0x00000000045da000 	/usr/lib/system/libcommonCrypto.dylib
0x00000000045da000 	/usr/lib/system/libcompiler_rt.dylib
0x00000000045da000 	/usr/lib/system/libcopyfile.dylib
0x00000000045da000 	/usr/lib/system/libcorecrypto.dylib
0x00000000045da000 	/usr/lib/system/libdispatch.dylib
0x00000000045da000 	/usr/lib/system/libdyld.dylib
0x00000000045da000 	/usr/lib/system/libkeymgr.dylib
0x00000000045da000 	/usr/lib/system/liblaunch.dylib
0x00000000045da000 	/usr/lib/system/libmacho.dylib
0x00000000045da000 	/usr/lib/system/libquarantine.dylib
0x00000000045da000 	/usr/lib/system/libremovefile.dylib
0x00000000045da000 	/usr/lib/system/libsystem_asl.dylib
0x00000000045da000 	/usr/lib/system/libsystem_blocks.dylib
0x00000000045da000 	/usr/lib/system/libsystem_c.dylib
0x00000000045da000 	/usr/lib/system/libsystem_configuration.dylib
0x00000000045da000 	/usr/lib/system/libsystem_coreservices.dylib
0x00000000045da000 	/usr/lib/system/libsystem_coretls.dylib
0x00000000045da000 	/usr/lib/system/libsystem_dnssd.dylib
0x00000000045da000 	/usr/lib/system/libsystem_info.dylib
0x00000000045da000 	/usr/lib/system/libsystem_kernel.dylib
0x00000000045da000 	/usr/lib/system/libsystem_m.dylib
0x00000000045da000 	/usr/lib/system/libsystem_malloc.dylib
0x00000000045da000 	/usr/lib/system/libsystem_network.dylib
0x00000000045da000 	/usr/lib/system/libsystem_networkextension.dylib
0x00000000045da000 	/usr/lib/system/libsystem_notify.dylib
0x00000000045da000 	/usr/lib/system/libsystem_platform.dylib
0x00000000045da000 	/usr/lib/system/libsystem_pthread.dylib
0x00000000045da000 	/usr/lib/system/libsystem_sandbox.dylib
0x00000000045da000 	/usr/lib/system/libsystem_secinit.dylib
0x00000000045da000 	/usr/lib/system/libsystem_stats.dylib
0x00000000045da000 	/usr/lib/system/libsystem_trace.dylib
0x00000000045da000 	/usr/lib/system/libunc.dylib
0x00000000045da000 	/usr/lib/system/libunwind.dylib
0x00000000045da000 	/usr/lib/system/libxpc.dylib
0x00000000045da000 	/usr/lib/libbz2.1.0.dylib
0x00000000045da000 	/usr/lib/liblzma.5.dylib
0x00000000045da000 	/usr/lib/libbsm.0.dylib
0x00000000045da000 	/usr/lib/libsqlite3.dylib
0x00000000045da000 	/usr/lib/system/libkxld.dylib
0x00000000045da000 	/usr/lib/libxar.1.dylib
0x00000000045da000 	/usr/lib/libpam.2.dylib
0x00000000045da000 	/usr/lib/libOpenScriptingUtil.dylib
0x00000000045da000 	/System/Library/Frameworks/CoreServices.framework/Versions/A/Frameworks/FSEvents.framework/Versions/A/FSEvents
0x00000000045da000 	/System/Library/Frameworks/CoreServices.framework/Versions/A/Frameworks/CarbonCore.framework/Versions/A/CarbonCore
0x00000000045da000 	/System/Library/Frameworks/CoreServices.framework/Versions/A/Frameworks/Metadata.framework/Versions/A/Metadata
0x00000000045da000 	/System/Library/Frameworks/CoreServices.framework/Versions/A/Frameworks/OSServices.framework/Versions/A/OSServices
0x00000000045da000 	/System/Library/Frameworks/CoreServices.framework/Versions/A/Frameworks/SearchKit.framework/Versions/A/SearchKit
0x00000000045da000 	/System/Library/Frameworks/CoreServices.framework/Versions/A/Frameworks/AE.framework/Versions/A/AE
0x00000000045da000 	/System/Library/Frameworks/CoreServices.framework/Versions/A/Frameworks/LaunchServices.framework/Versions/A/LaunchServices
0x00000000045da000 	/System/Library/Frameworks/CoreServices.framework/Versions/A/Frameworks/DictionaryServices.framework/Versions/A/DictionaryServices
0x00000000045da000 	/System/Library/Frameworks/NetFS.framework/Versions/A/NetFS
0x00000000045da000 	/System/Library/PrivateFrameworks/NetAuth.framework/Versions/A/NetAuth
0x00000000045da000 	/System/Library/PrivateFrameworks/login.framework/Versions/A/Frameworks/loginsupport.framework/Versions/A/loginsupport
0x00000000045da000 	/System/Library/PrivateFrameworks/TCC.framework/Versions/A/TCC
0x00000000045da000 	/usr/lib/libmecabra.dylib
0x00000000045da000 	/System/Library/Frameworks/ApplicationServices.framework/Versions/A/Frameworks/ATS.framework/Versions/A/ATS
0x00000000045da000 	/System/Library/Frameworks/ApplicationServices.framework/Versions/A/Frameworks/ColorSync.framework/Versions/A/ColorSync
0x00000000045da000 	/System/Library/Frameworks/ApplicationServices.framework/Versions/A/Frameworks/HIServices.framework/Versions/A/HIServices
0x00000000045da000 	/System/Library/Frameworks/ApplicationServices.framework/Versions/A/Frameworks/LangAnalysis.framework/Versions/A/LangAnalysis
0x00000000045da000 	/System/Library/Frameworks/ApplicationServices.framework/Versions/A/Frameworks/PrintCore.framework/Versions/A/PrintCore
0x00000000045da000 	/System/Library/Frameworks/ApplicationServices.framework/Versions/A/Frameworks/QD.framework/Versions/A/QD
0x00000000045da000 	/System/Library/Frameworks/ApplicationServices.framework/Versions/A/Frameworks/SpeechSynthesis.framework/Versions/A/SpeechSynthesis
0x00000000045da000 	/System/Library/Frameworks/Accelerate.framework/Versions/A/Accelerate
0x00000000045da000 	/System/Library/Frameworks/Accelerate.framework/Versions/A/Frameworks/vImage.framework/Versions/A/vImage
0x00000000045da000 	/System/Library/Frameworks/Accelerate.framework/Versions/A/Frameworks/vecLib.framework/Versions/A/vecLib
0x00000000045da000 	/System/Library/Frameworks/Accelerate.framework/Versions/A/Frameworks/vecLib.framework/Versions/A/libvDSP.dylib
0x00000000045da000 	/System/Library/Frameworks/Accelerate.framework/Versions/A/Frameworks/vecLib.framework/Versions/A/libvMisc.dylib
0x00000000045da000 	/System/Library/Frameworks/Accelerate.framework/Versions/A/Frameworks/vecLib.framework/Versions/A/libLAPACK.dylib
0x00000000045da000 	/System/Library/Frameworks/Accelerate.framework/Versions/A/Frameworks/vecLib.framework/Versions/A/libBLAS.dylib
0x00000000045da000 	/System/Library/Frameworks/Accelerate.framework/Versions/A/Frameworks/vecLib.framework/Versions/A/libLinearAlgebra.dylib
0x00000000045da000 	/System/Library/Frameworks/ApplicationServices.framework/Versions/A/Frameworks/ATS.framework/Versions/A/Resources/libFontParser.dylib
0x00000000045da000 	/System/Library/Frameworks/ApplicationServices.framework/Versions/A/Frameworks/ATS.framework/Versions/A/Resources/libFontRegistry.dylib
0x00000000045da000 	/System/Library/PrivateFrameworks/AppleVPA.framework/Versions/A/AppleVPA
0x00000000045da000 	/System/Library/PrivateFrameworks/AppleJPEG.framework/Versions/A/AppleJPEG
0x00000000045da000 	/System/Library/Frameworks/ImageIO.framework/Versions/A/Resources/libJPEG.dylib
0x00000000045da000 	/System/Library/Frameworks/ImageIO.framework/Versions/A/Resources/libTIFF.dylib
0x00000000045da000 	/System/Library/Frameworks/ImageIO.framework/Versions/A/Resources/libPng.dylib
0x00000000045da000 	/System/Library/Frameworks/ImageIO.framework/Versions/A/Resources/libGIF.dylib
0x00000000045da000 	/System/Library/Frameworks/ImageIO.framework/Versions/A/Resources/libJP2.dylib
0x00000000045da000 	/System/Library/Frameworks/ImageIO.framework/Versions/A/Resources/libRadiance.dylib
0x00000000045da000 	/System/Library/Frameworks/CoreVideo.framework/Versions/A/CoreVideo
0x00000000045da000 	/System/Library/Frameworks/OpenGL.framework/Versions/A/Libraries/libGLU.dylib
0x00000000045da000 	/System/Library/Frameworks/OpenGL.framework/Versions/A/Libraries/libGFXShared.dylib
0x00000000045da000 	/System/Library/Frameworks/OpenGL.framework/Versions/A/Libraries/libGL.dylib
0x00000000045da000 	/System/Library/Frameworks/OpenGL.framework/Versions/A/Libraries/libGLImage.dylib
0x00000000045da000 	/System/Library/Frameworks/OpenGL.framework/Versions/A/Libraries/libCVMSPluginSupport.dylib
0x00000000045da000 	/System/Library/Frameworks/OpenGL.framework/Versions/A/Libraries/libCoreVMClient.dylib
0x00000000045da000 	/usr/lib/libcups.2.dylib
0x00000000045da000 	/System/Library/Frameworks/Kerberos.framework/Versions/A/Kerberos
0x00000000045da000 	/System/Library/Frameworks/GSS.framework/Versions/A/GSS
0x00000000045da000 	/usr/lib/libresolv.9.dylib
0x00000000045da000 	/usr/lib/libiconv.2.dylib
0x00000000045da000 	/System/Library/PrivateFrameworks/Heimdal.framework/Versions/A/Heimdal
0x00000000045da000 	/usr/lib/libheimdal-asn1.dylib
0x00000000045da000 	/System/Library/Frameworks/OpenDirectory.framework/Versions/A/OpenDirectory
0x00000000045da000 	/System/Library/PrivateFrameworks/CommonAuth.framework/Versions/A/CommonAuth
0x00000000045da000 	/System/Library/Frameworks/OpenDirectory.framework/Versions/A/Frameworks/CFOpenDirectory.framework/Versions/A/CFOpenDirectory
0x00000000045da000 	/System/Library/Frameworks/SecurityFoundation.framework/Versions/A/SecurityFoundation
0x00000000045da000 	/System/Library/PrivateFrameworks/LanguageModeling.framework/Versions/A/LanguageModeling
0x00000000045da000 	/usr/lib/libcmph.dylib
0x00000000045da000 	/System/Library/Frameworks/ServiceManagement.framework/Versions/A/ServiceManagement
0x00000000045da000 	/usr/lib/libxslt.1.dylib
0x00000000045da000 	/System/Library/Frameworks/Carbon.framework/Versions/A/Frameworks/Ink.framework/Versions/A/Ink
0x00000000045da000 	/System/Library/Frameworks/QuartzCore.framework/Versions/A/Frameworks/CoreImage.framework/Versions/A/CoreImage
0x00000000045da000 	/System/Library/PrivateFrameworks/CrashReporterSupport.framework/Versions/A/CrashReporterSupport
0x00000000045da000 	/System/Library/Frameworks/OpenCL.framework/Versions/A/OpenCL
0x00000000045da000 	/System/Library/PrivateFrameworks/FaceCore.framework/Versions/A/FaceCore
0x00000000045da000 	/System/Library/PrivateFrameworks/Ubiquity.framework/Versions/A/Ubiquity
0x00000000045da000 	/System/Library/PrivateFrameworks/IconServices.framework/Versions/A/IconServices
0x00000000045da000 	/System/Library/PrivateFrameworks/ChunkingLibrary.framework/Versions/A/ChunkingLibrary
0x00000000045da000 	/System/Library/PrivateFrameworks/Apple80211.framework/Versions/A/Apple80211
0x00000000045da000 	/System/Library/Frameworks/CoreWLAN.framework/Versions/A/CoreWLAN
0x00000000045da000 	/System/Library/Frameworks/IOBluetooth.framework/Versions/A/IOBluetooth
0x00000000045da000 	/System/Library/PrivateFrameworks/CoreWiFi.framework/Versions/A/CoreWiFi
0x00000000045da000 	/System/Library/Frameworks/CoreBluetooth.framework/Versions/A/CoreBluetooth
0x00000000045da000 	/System/Library/PrivateFrameworks/DebugSymbols.framework/Versions/A/DebugSymbols
0x00000000045da000 	/System/Library/PrivateFrameworks/CoreSymbolication.framework/Versions/A/CoreSymbolication
0x00000000045da000 	/System/Library/PrivateFrameworks/Symbolication.framework/Versions/A/Symbolication
0x00000000045da000 	/System/Library/PrivateFrameworks/SpeechRecognitionCore.framework/Versions/A/SpeechRecognitionCore
0x0000000108bcc000 	/Library/Java/JavaVirtualMachines/jdk1.8.0_11.jdk/Contents/Home/jre/lib/server/libjvm.dylib
0x00000000045da000 	/usr/lib/libstdc++.6.dylib
0x0000000109b90000 	/Library/Java/JavaVirtualMachines/jdk1.8.0_11.jdk/Contents/Home/jre/lib/libverify.dylib
0x0000000109b9e000 	/Library/Java/JavaVirtualMachines/jdk1.8.0_11.jdk/Contents/Home/jre/lib/libjava.dylib
0x0000000109bd3000 	/Library/Java/JavaVirtualMachines/jdk1.8.0_11.jdk/Contents/Home/jre/lib/libinstrument.dylib
0x0000000109c48000 	/Library/Java/JavaVirtualMachines/jdk1.8.0_11.jdk/Contents/Home/jre/lib/libzip.dylib
0x0000000109de1000 	/System/Library/Frameworks/JavaVM.framework/Frameworks/JavaRuntimeSupport.framework/JavaRuntimeSupport
0x000000011d5f8000 	/System/Library/Frameworks/JavaVM.framework/Versions/A/Frameworks/JavaNativeFoundation.framework/Versions/A/JavaNativeFoundation
0x000000011d60d000 	/System/Library/Frameworks/JavaVM.framework/Versions/A/JavaVM
0x00000000045da000 	/System/Library/Frameworks/Carbon.framework/Versions/A/Carbon
0x000000011d61a000 	/System/Library/PrivateFrameworks/JavaLaunching.framework/Versions/A/JavaLaunching
0x00000000045da000 	/System/Library/Frameworks/Carbon.framework/Versions/A/Frameworks/CommonPanels.framework/Versions/A/CommonPanels
0x00000000045da000 	/System/Library/Frameworks/Carbon.framework/Versions/A/Frameworks/Help.framework/Versions/A/Help
0x00000000045da000 	/System/Library/Frameworks/Carbon.framework/Versions/A/Frameworks/ImageCapture.framework/Versions/A/ImageCapture
0x00000000045da000 	/System/Library/Frameworks/Carbon.framework/Versions/A/Frameworks/OpenScripting.framework/Versions/A/OpenScripting
0x00000000045da000 	/System/Library/Frameworks/Carbon.framework/Versions/A/Frameworks/Print.framework/Versions/A/Print
0x00000000045da000 	/System/Library/Frameworks/Carbon.framework/Versions/A/Frameworks/SecurityHI.framework/Versions/A/SecurityHI
0x000000011f629000 	/private/var/folders/6y/3fw0kf7s2g980pt69t5qps0c0000gn/T/libjansi-64-5987999266205980546.jnilib
0x000000011f800000 	/Library/Java/JavaVirtualMachines/jdk1.8.0_11.jdk/Contents/Home/jre/lib/libnet.dylib
0x000000011f6c9000 	/Library/Java/JavaVirtualMachines/jdk1.8.0_11.jdk/Contents/Home/jre/lib/libmanagement.dylib
0x000000011f829000 	/Library/Java/JavaVirtualMachines/jdk1.8.0_11.jdk/Contents/Home/jre/lib/libnio.dylib

VM Arguments:
jvm_args: -Dfile.encoding=UTF-8 -Xmx768M -Xms64M -Dgrails.fork.parent.process.port=54170 -Dgrails.fork.active=true -Dgrails.build.execution.context=/private/var/folders/6y/3fw0kf7s2g980pt69t5qps0c0000gn/T/code4good3649106443110756987grails-execution-context -Dgrails.home=/Users/jason/grails-2.4.3 -javaagent:/Users/jason/grails-2.4.3/lib/org.springframework/springloaded/jars/springloaded-1.2.0.RELEASE.jar -Xverify:none -Dspringloaded.synchronize=true -Djdk.reflect.allowGetCallerClass=true -Dspringloaded=profile=grails;cacheDir=/Users/jason/.grails/2.4.3 
java_command: org.grails.plugins.tomcat.fork.ForkedTomcatServer
java_class_path (initial): /Library/Java/JavaVirtualMachines/jdk1.8.0_11.jdk/Contents/Home/lib/tools.jar:/Users/jason/grails-2.4.3/lib/org.codehaus.groovy/groovy-all/jars/groovy-all-2.3.6.jar:/Users/jason/grails-2.4.3/lib/org.slf4j/jcl-over-slf4j/jars/jcl-over-slf4j-1.7.5.jar:/Users/jason/grails-2.4.3/lib/org.codehaus.gant/gant_groovy1.8/jars/gant_groovy1.8-1.9.6.jar:/Users/jason/grails-2.4.3/lib/org.apache.tomcat.embed/tomcat-embed-logging-log4j/jars/tomcat-embed-logging-log4j-7.0.50.jar:/Users/jason/grails-2.4.3/dist/grails-plugin-log4j-2.4.3.jar:/Users/jason/grails-2.4.3/lib/log4j/log4j/jars/log4j-1.2.17.jar:/Users/jason/grails-2.4.3/dist/grails-bootstrap-2.4.3.jar:/Users/jason/grails-2.4.3/lib/org.slf4j/slf4j-api/jars/slf4j-api-1.7.5.jar:/Users/jason/grails-2.4.3/lib/jline/jline/jars/jline-2.12.jar:/Users/jason/grails-2.4.3/lib/org.apache.ant/ant/jars/ant-1.8.4.jar:/Users/jason/grails-2.4.3/lib/org.apache.ant/ant-launcher/jars/ant-launcher-1.8.4.jar:/Users/jason/grails-2.4.3/lib/org.apache.ant/ant-trax/jars/ant-trax-1.7.1.jar:/Users/jason/grails-2.4.3/lib/org.apache.ant/ant-junit/jars/ant-junit-1.8.4.jar:/Users/jason/grails-2.4.3/lib/org.apache.ivy/ivy/jars/ivy-2.3.0.jar:/Users/jason/grails-2.4.3/lib/org.fusesource.jansi/jansi/jars/jansi-1.11.jar:/Users/jason/.m2/repository/org/apache/tomcat/tomcat-catalina-ant/7.0.55/tomcat-catalina-ant-7.0.55.jar:/Users/jason/.m2/repository/org/apache/tomcat/embed/tomcat-embed-jasper/7.0.55/tomcat-embed-jasper-7.0.55.jar:/Users/jason/.m2/repository/org/apache/tomcat/embed/tomcat-embed-el/7.0.55/tomcat-embed-el-7.0.55.jar:/Users/jason/.m2/repository/org/apache/tomcat/embed/tomcat-embed-logging-log4j/7.0.55/tomcat-embed-logging-log4j-7.0.55.jar:/Users/jason/.m2/repository/org/apache/tomcat/embed/tomcat-embed-websocket/7.0.55/tomcat-embed-websocket-7.0.55.jar:/Users/jason/.m2/repository/org/apache/tomcat/embed/tomcat-embed-core/7.0.55/tomcat-embed-core-7.0.55.jar:/Users/jason/.m2/repository/org/eclipse/jdt/core/compiler/ecj/3.7
Launcher Type: SUN_STANDARD

Environment Variables:
JAVA_HOME=/Library/Java/JavaVirtualMachines/jdk1.8.0_11.jdk/Contents/Home
PATH=/usr/local/bin:/usr/bin:/bin:/usr/sbin:/sbin:/opt/X11/bin:/usr/local/go/bin:/Users/jason/activator-1.2.12:/Users/jason/grails-2.4.3/bin:/Library/Java/JavaVirtualMachines/jdk1.8.0_11.jdk/Contents/Home//bin:/Applications/Xcode.app/Contents/Developer/usr/bin/:/User/jason/bin/h2:/usr/local/go/bin
SHELL=/bin/bash
DISPLAY=/private/tmp/com.apple.launchd.c6FmTV2O9u/org.macosforge.xquartz:0

Signal Handlers:
SIGSEGV: [libjvm.dylib+0x56059b], sa_mask[0]=0xfffefeff, sa_flags=0x00000043
SIGBUS: [libjvm.dylib+0x56059b], sa_mask[0]=0xfffefeff, sa_flags=0x00000042
SIGFPE: [libjvm.dylib+0x4438f2], sa_mask[0]=0xfffefeff, sa_flags=0x00000042
SIGPIPE: [libjvm.dylib+0x4438f2], sa_mask[0]=0xfffefeff, sa_flags=0x00000042
SIGXFSZ: [libjvm.dylib+0x4438f2], sa_mask[0]=0xfffefeff, sa_flags=0x00000042
SIGILL: [libjvm.dylib+0x4438f2], sa_mask[0]=0xfffefeff, sa_flags=0x00000042
SIGUSR1: SIG_DFL, sa_mask[0]=0x00000000, sa_flags=0x00000000
SIGUSR2: [libjvm.dylib+0x443410], sa_mask[0]=0x00000004, sa_flags=0x00000042
SIGHUP: [libjvm.dylib+0x44179b], sa_mask[0]=0xfffefeff, sa_flags=0x00000042
SIGINT: [libjvm.dylib+0x44179b], sa_mask[0]=0xfffefeff, sa_flags=0x00000042
SIGTERM: [libjvm.dylib+0x44179b], sa_mask[0]=0xfffefeff, sa_flags=0x00000042
SIGQUIT: [libjvm.dylib+0x44179b], sa_mask[0]=0xfffefeff, sa_flags=0x00000042


---------------  S Y S T E M  ---------------

OS:Bsduname:Darwin 14.1.0 Darwin Kernel Version 14.1.0: Thu Feb 26 19:26:47 PST 2015; root:xnu-2782.10.73~1/RELEASE_X86_64 x86_64
rlimit: STACK 8192k, CORE 0k, NPROC 709, NOFILE 10240, AS infinity
load average:4.84 3.86 3.38

CPU:total 4 (2 cores per cpu, 2 threads per core) family 6 model 69 stepping 1, cmov, cx8, fxsr, mmx, sse, sse2, sse3, ssse3, sse4.1, sse4.2, popcnt, avx, avx2, aes, clmul, erms, ht, tsc, tscinvbit

Memory: 4k page, physical 16777216k(195812k free)

/proc/meminfo:


vm_info: Java HotSpot(TM) 64-Bit Server VM (25.11-b03) for bsd-amd64 JRE (1.8.0_11-b12), built on Jun 16 2014 17:39:42 by "java_re" with gcc 4.2.1 (Based on Apple Inc. build 5658) (LLVM build 2336.11.00)

time: Sat Mar 28 22:49:17 2015
elapsed time: 16 seconds

