#
# A fatal error has been detected by the Java Runtime Environment:
#
#  SIGSEGV (0xb) at pc=0x0000000101024dd0, pid=16874, tid=16643
#
# JRE version: Java(TM) SE Runtime Environment (8.0_11-b12) (build 1.8.0_11-b12)
# Java VM: Java HotSpot(TM) 64-Bit Server VM (25.11-b03 mixed mode bsd-amd64 compressed oops)
# Problematic frame:
# V  [libjvm.dylib+0xd0dd0]  OopFlow::build_oop_map(Node*, int, PhaseRegAlloc*, int*)+0xd2
#
# Failed to write core dump. Core dumps have been disabled. To enable core dumping, try "ulimit -c unlimited" before starting Java again
#
# If you would like to submit a bug report, please visit:
#   http://bugreport.sun.com/bugreport/crash.jsp
#

---------------  T H R E A D  ---------------

Current thread (0x00007fdbb9085000):  JavaThread "C2 CompilerThread0" daemon [_thread_in_native, id=16643, stack(0x000000011749f000,0x000000011759f000)]

siginfo:si_signo=SIGSEGV: si_errno=0, si_code=1 (SEGV_MAPERR), si_addr=0x0000000000000000

Registers:
RAX=0x00007fdbb933b198, RBX=0x00007fdbb9572338, RCX=0x0000000000000000, RDX=0x0000000000000008
RSP=0x000000011759b870, RBP=0x000000011759b8e0, RSI=0x000000000000001c, RDI=0x0000000000000000
R8 =0x00007fdbb9336a10, R9 =0x00007fdbba95ba70, R10=0x0000000000000066, R11=0x00000000000008d0
R12=0x0000000000000000, R13=0x0000000000000013, R14=0x00007fdbb9572338, R15=0x00000000000000c0
RIP=0x0000000101024dd0, EFLAGS=0x0000000000010206, ERR=0x0000000000000004
  TRAPNO=0x000000000000000e

Top of Stack: (sp=0x000000011759b870)
0x000000011759b870:   000000011759b8e0 00000000000000da
0x000000011759b880:   00007fdbb9336a10 00007fdbba937e70
0x000000011759b890:   00007fdbb933b870 0000001c00000008
0x000000011759b8a0:   000000011759c550 00007fdbb933b8a0
0x000000011759b8b0:   00000000000000b8 00007fdbb933b870
0x000000011759b8c0:   0000000000000012 0000000000000013
0x000000011759b8d0:   00007fdbb9572338 00007fdbb933ffff
0x000000011759b8e0:   000000011759b940 0000000101024aed
0x000000011759b8f0:   000000011759b940 000000da1759dfd0
0x000000011759b900:   00007fdbb9362380 0000000ab933b190
0x000000011759b910:   000000011759c550 00007fdbba95c1f0
0x000000011759b920:   00007fdbb933b870 0000000000000004
0x000000011759b930:   00007fdbb9338250 00007fdbb933afa0
0x000000011759b940:   000000011759ba40 0000000101025a1b
0x000000011759b950:   000000000125be80 0000000000000007
0x000000011759b960:   0000000000000007 00007fdbb9364890
0x000000011759b970:   00000000000000da 000000000000001c
0x000000011759b980:   00007fdbb9364890 00007fdbb861d5e0
0x000000011759b990:   000000011759dfd0 0000000000000007
0x000000011759b9a0:   00007fdbb9364890 0000000000000007
0x000000011759b9b0:   ffffffffffffffff 000000011759c680
0x000000011759b9c0:   00007fdbba95ba70 00007fdbb9362380
0x000000011759b9d0:   00000000000006d0 00000000000001b4
0x000000011759b9e0:   0000000000000000 0000000100000080
0x000000011759b9f0:   00007fdbb861d5e0 00007fdbb9364c10
0x000000011759ba00:   00007fdb00000004 0000000000000014
0x000000011759ba10:   0000000000000000 000000011759dfd0
0x000000011759ba20:   000000011759c680 0000000000000b0d
0x000000011759ba30:   00007fdbb935ea10 000000011759e798
0x000000011759ba40:   000000011759ba90 00000001013a03d8
0x000000011759ba50:   00007fdbb9571780 00007fdbbba00fc0
0x000000011759ba60:   000000011759e140 000000011759dfd0 

Instructions: (pc=0x0000000101024dd0)
0x0000000101024db0:   00 00 44 89 ff 8b 75 bc 8b 55 b8 e8 fa 0c 00 00
0x0000000101024dc0:   48 89 45 d0 48 8b 45 b0 48 8b 40 08 4e 8b 24 f8
0x0000000101024dd0:   49 8b 04 24 4c 89 e7 ff 50 28 48 63 48 10 48 89
0x0000000101024de0:   ca 48 c1 e2 05 48 8d 35 94 8f 6f 00 80 7c 16 10 

Register to memory mapping:

RAX=0x00007fdbb933b198 is an unknown value
RBX=0x00007fdbb9572338 is an unknown value
RCX=0x0000000000000000 is an unknown value
RDX=0x0000000000000008 is an unknown value
RSP=0x000000011759b870 is pointing into the stack for thread: 0x00007fdbb9085000
RBP=0x000000011759b8e0 is pointing into the stack for thread: 0x00007fdbb9085000
RSI=0x000000000000001c is an unknown value
RDI=0x0000000000000000 is an unknown value
R8 =0x00007fdbb9336a10 is an unknown value
R9 =0x00007fdbba95ba70 is an unknown value
R10=0x0000000000000066 is an unknown value
R11=0x00000000000008d0 is an unknown value
R12=0x0000000000000000 is an unknown value
R13=0x0000000000000013 is an unknown value
R14=0x00007fdbb9572338 is an unknown value
R15=0x00000000000000c0 is an unknown value


Stack: [0x000000011749f000,0x000000011759f000],  sp=0x000000011759b870,  free space=1010k
Native frames: (J=compiled Java code, j=interpreted, Vv=VM code, C=native code)
V  [libjvm.dylib+0xd0dd0]  OopFlow::build_oop_map(Node*, int, PhaseRegAlloc*, int*)+0xd2
V  [libjvm.dylib+0xd0aed]  OopFlow::compute_reach(PhaseRegAlloc*, int, Dict*)+0xa9
V  [libjvm.dylib+0xd1a1b]  Compile::BuildOopMaps()+0x92d
V  [libjvm.dylib+0x44c3d8]  Compile::Output()+0x40c
V  [libjvm.dylib+0x19db98]  Compile::Code_Gen()+0x21a
V  [libjvm.dylib+0x1a15d3]  Compile::Compile(ciEnv*, C2Compiler*, ciMethod*, int, bool, bool, bool)+0x905
V  [libjvm.dylib+0x144992]  C2Compiler::compile_method(ciEnv*, ciMethod*, int)+0xac
V  [libjvm.dylib+0x1a4e7a]  CompileBroker::invoke_compiler_on_method(CompileTask*)+0x5b2
V  [libjvm.dylib+0x1a6f89]  CompileBroker::compiler_thread_loop()+0x2d5
V  [libjvm.dylib+0x51d86d]  JavaThread::thread_main_inner()+0x9b
V  [libjvm.dylib+0x51efaa]  JavaThread::run()+0x1c2
V  [libjvm.dylib+0x446026]  java_start(Thread*)+0xf6
C  [libsystem_pthread.dylib+0x3268]  _pthread_body+0x83
C  [libsystem_pthread.dylib+0x31e5]  _pthread_body+0x0
C  [libsystem_pthread.dylib+0x141d]  thread_start+0xd


Current CompileTask:
C2:  16317 5667       4       groovy.lang.MetaClassImpl::findPropertyMethod (356 bytes)


---------------  P R O C E S S  ---------------

Java Threads: ( => current thread )
  0x00007fdbba0b5000 JavaThread "org.code4good.Role.data" daemon [_thread_blocked, id=24835, stack(0x000000011ce33000,0x000000011cf33000)]
  0x00007fdbbac39000 JavaThread "net.sf.ehcache.CacheManager@27129bc6" daemon [_thread_blocked, id=24583, stack(0x000000011954c000,0x000000011964c000)]
  0x00007fdbbb97b000 JavaThread "Abandoned connection cleanup thread" daemon [_thread_blocked, id=13583, stack(0x000000011b8fb000,0x000000011b9fb000)]
  0x00007fdbb8d6b800 JavaThread "PoolCleaner[2118255842:1427597083695]" daemon [_thread_blocked, id=12039, stack(0x000000011b387000,0x000000011b487000)]
  0x00007fdbba788800 JavaThread "FileSystemWatcher: files=#134 cl=groovy.lang.GroovyClassLoader@7e4204e2" daemon [_thread_blocked, id=22275, stack(0x0000000119cde000,0x0000000119dde000)]
  0x00007fdbba67f000 JavaThread "localhost-startStop-1" daemon [_thread_in_vm, id=21763, stack(0x0000000119bdb000,0x0000000119cdb000)]
  0x00007fdbb96a3800 JavaThread "Tomcat-startStop-1" daemon [_thread_blocked, id=21251, stack(0x0000000119ad8000,0x0000000119bd8000)]
  0x00007fdbb8b35000 JavaThread "Thread-3" [_thread_in_native, id=20739, stack(0x00000001193c7000,0x00000001194c7000)]
  0x00007fdbb9c30800 JavaThread "Thread-2" [_thread_blocked, id=20227, stack(0x00000001187b0000,0x00000001188b0000)]
  0x00007fdbb904e800 JavaThread "NonBlockingInputStreamThread" daemon [_thread_blocked, id=19715, stack(0x0000000117fde000,0x00000001180de000)]
  0x00007fdbb9102800 JavaThread "process reaper" daemon [_thread_blocked, id=19203, stack(0x0000000117a93000,0x0000000117abb000)]
  0x00007fdbb886d000 JavaThread "Service Thread" daemon [_thread_blocked, id=18179, stack(0x00000001177a8000,0x00000001178a8000)]
  0x00007fdbb9086800 JavaThread "C1 CompilerThread2" daemon [_thread_in_native, id=17667, stack(0x00000001176a5000,0x00000001177a5000)]
  0x00007fdbb9085800 JavaThread "C2 CompilerThread1" daemon [_thread_in_native, id=17155, stack(0x00000001175a2000,0x00000001176a2000)]
=>0x00007fdbb9085000 JavaThread "C2 CompilerThread0" daemon [_thread_in_native, id=16643, stack(0x000000011749f000,0x000000011759f000)]
  0x00007fdbb880c000 JavaThread "Signal Dispatcher" daemon [_thread_blocked, id=16155, stack(0x00000001171a9000,0x00000001172a9000)]
  0x00007fdbb9019000 JavaThread "Finalizer" daemon [_thread_blocked, id=11523, stack(0x0000000115877000,0x0000000115977000)]
  0x00007fdbba013800 JavaThread "Reference Handler" daemon [_thread_blocked, id=11011, stack(0x0000000115774000,0x0000000115874000)]
  0x00007fdbba000000 JavaThread "main" [_thread_blocked, id=4867, stack(0x0000000101e2d000,0x0000000101f2d000)]

Other Threads:
  0x00007fdbb9018800 VMThread [stack: 0x0000000115671000,0x0000000115771000] [id=10499]
  0x00007fdbb9882800 WatcherThread [stack: 0x00000001178ab000,0x00000001179ab000] [id=18691]

VM state:not at safepoint (normal execution)

VM Mutex/Monitor currently owned by a thread: None

Heap:
 PSYoungGen      total 221184K, used 64265K [0x00000007b0000000, 0x00000007c0000000, 0x00000007c0000000)
  eden space 197632K, 21% used [0x00000007b0000000,0x00000007b28eb630,0x00000007bc100000)
  from space 23552K, 94% used [0x00000007be900000,0x00000007bfed6f30,0x00000007c0000000)
  to   space 32256K, 0% used [0x00000007bc100000,0x00000007bc100000,0x00000007be080000)
 ParOldGen       total 95744K, used 78894K [0x0000000790000000, 0x0000000795d80000, 0x00000007b0000000)
  object space 95744K, 82% used [0x0000000790000000,0x0000000794d0b9b8,0x0000000795d80000)
 Metaspace       used 59171K, capacity 60936K, committed 61280K, reserved 1103872K
  class space    used 6639K, capacity 7194K, committed 7296K, reserved 1048576K

Card table byte_map: [0x0000000111bc0000,0x0000000111d41000] byte_map_base: 0x000000010df40000

Marking Bits: (ParMarkBitMap*) 0x00000001017bb0a0
 Begin Bits: [0x000000011224d000, 0x0000000112e4d000)
 End Bits:   [0x0000000112e4d000, 0x0000000113a4d000)

Polling page: 0x0000000101f71000

CodeCache: size=245760Kb used=18821Kb max_used=18883Kb free=226938Kb
 bounds [0x0000000102800000, 0x0000000103b20000, 0x0000000111800000]
 total_blobs=5979 nmethods=5219 adapters=672
 compilation: enabled

Compilation events (10 events):
Event: 16.250 Thread 0x00007fdbb9086800 5724       2       org.codehaus.groovy.grails.commons.AbstractGrailsClass::getMetaClass (8 bytes)
Event: 16.250 Thread 0x00007fdbb9086800 nmethod 5724 0x0000000103158090 code [0x0000000103158200, 0x0000000103158368]
Event: 16.252 Thread 0x00007fdbb9086800 5725       2       sun.reflect.ClassFileAssembler::opc_checkcast (12 bytes)
Event: 16.253 Thread 0x00007fdbb9086800 nmethod 5725 0x0000000103464a50 code [0x0000000103464be0, 0x0000000103464e88]
Event: 16.254 Thread 0x00007fdbb9086800 5726       1       org.codehaus.groovy.runtime.metaclass.ClosureStaticMetaMethod::getName (5 bytes)
Event: 16.254 Thread 0x00007fdbb9086800 nmethod 5726 0x0000000103287810 code [0x0000000103287960, 0x0000000103287a70]
Event: 16.256 Thread 0x00007fdbb9086800 5728       1       org.springframework.beans.factory.support.DefaultListableBeanFactory::isConfigurationFrozen (5 bytes)
Event: 16.256 Thread 0x00007fdbb9086800 nmethod 5728 0x0000000102f36b90 code [0x0000000102f36ce0, 0x0000000102f36df0]
Event: 16.267 Thread 0x00007fdbb9086800 5729       2       java.util.TimSort::gallopRight (335 bytes)
Event: 16.268 Thread 0x00007fdbb9086800 nmethod 5729 0x0000000102d7c410 code [0x0000000102d7c5c0, 0x0000000102d7cbb8]

GC Heap History (10 events):
Event: 12.557 GC heap before
{Heap before GC invocations=60 (full 5):
 PSYoungGen      total 238080K, used 217455K [0x00000007b0000000, 0x00000007bfe80000, 0x00000007c0000000)
  eden space 215552K, 97% used [0x00000007b0000000,0x00000007bccc2c38,0x00000007bd280000)
  from space 22528K, 34% used [0x00000007be880000,0x00000007bf019140,0x00000007bfe80000)
  to   space 22528K, 0% used [0x00000007bd280000,0x00000007bd280000,0x00000007be880000)
 ParOldGen       total 77824K, used 65707K [0x0000000790000000, 0x0000000794c00000, 0x00000007b0000000)
  object space 77824K, 84% used [0x0000000790000000,0x000000079402ad98,0x0000000794c00000)
 Metaspace       used 54396K, capacity 56020K, committed 56544K, reserved 1099776K
  class space    used 6041K, capacity 6539K, committed 6656K, reserved 1048576K
Event: 12.580 GC heap after
Heap after GC invocations=60 (full 5):
 PSYoungGen      total 238080K, used 10649K [0x00000007b0000000, 0x00000007bfe00000, 0x00000007c0000000)
  eden space 215552K, 0% used [0x00000007b0000000,0x00000007b0000000,0x00000007bd280000)
  from space 22528K, 47% used [0x00000007bd280000,0x00000007bdce6520,0x00000007be880000)
  to   space 21504K, 0% used [0x00000007be900000,0x00000007be900000,0x00000007bfe00000)
 ParOldGen       total 77824K, used 65715K [0x0000000790000000, 0x0000000794c00000, 0x00000007b0000000)
  object space 77824K, 84% used [0x0000000790000000,0x000000079402cd98,0x0000000794c00000)
 Metaspace       used 54396K, capacity 56020K, committed 56544K, reserved 1099776K
  class space    used 6041K, capacity 6539K, committed 6656K, reserved 1048576K
}
Event: 13.227 GC heap before
{Heap before GC invocations=61 (full 5):
 PSYoungGen      total 238080K, used 226201K [0x00000007b0000000, 0x00000007bfe00000, 0x00000007c0000000)
  eden space 215552K, 100% used [0x00000007b0000000,0x00000007bd280000,0x00000007bd280000)
  from space 22528K, 47% used [0x00000007bd280000,0x00000007bdce6520,0x00000007be880000)
  to   space 21504K, 0% used [0x00000007be900000,0x00000007be900000,0x00000007bfe00000)
 ParOldGen       total 77824K, used 65715K [0x0000000790000000, 0x0000000794c00000, 0x00000007b0000000)
  object space 77824K, 84% used [0x0000000790000000,0x000000079402cd98,0x0000000794c00000)
 Metaspace       used 55195K, capacity 56830K, committed 57056K, reserved 1099776K
  class space    used 6156K, capacity 6651K, committed 6656K, reserved 1048576K
Event: 13.242 GC heap after
Heap after GC invocations=61 (full 5):
 PSYoungGen      total 238080K, used 15776K [0x00000007b0000000, 0x00000007c0000000, 0x00000007c0000000)
  eden space 216576K, 0% used [0x00000007b0000000,0x00000007b0000000,0x00000007bd380000)
  from space 21504K, 73% used [0x00000007be900000,0x00000007bf868060,0x00000007bfe00000)
  to   space 22016K, 0% used [0x00000007bd380000,0x00000007bd380000,0x00000007be900000)
 ParOldGen       total 77824K, used 65723K [0x0000000790000000, 0x0000000794c00000, 0x00000007b0000000)
  object space 77824K, 84% used [0x0000000790000000,0x000000079402ed98,0x0000000794c00000)
 Metaspace       used 55195K, capacity 56830K, committed 57056K, reserved 1099776K
  class space    used 6156K, capacity 6651K, committed 6656K, reserved 1048576K
}
Event: 14.283 GC heap before
{Heap before GC invocations=62 (full 5):
 PSYoungGen      total 238080K, used 232352K [0x00000007b0000000, 0x00000007c0000000, 0x00000007c0000000)
  eden space 216576K, 100% used [0x00000007b0000000,0x00000007bd380000,0x00000007bd380000)
  from space 21504K, 73% used [0x00000007be900000,0x00000007bf868060,0x00000007bfe00000)
  to   space 22016K, 0% used [0x00000007bd380000,0x00000007bd380000,0x00000007be900000)
 ParOldGen       total 77824K, used 65723K [0x0000000790000000, 0x0000000794c00000, 0x00000007b0000000)
  object space 77824K, 84% used [0x0000000790000000,0x000000079402ed98,0x0000000794c00000)
 Metaspace       used 56995K, capacity 58594K, committed 59104K, reserved 1101824K
  class space    used 6301K, capacity 6786K, committed 6912K, reserved 1048576K
Event: 14.309 GC heap after
Heap after GC invocations=62 (full 5):
 PSYoungGen      total 238592K, used 22001K [0x00000007b0000000, 0x00000007c0000000, 0x00000007c0000000)
  eden space 216576K, 0% used [0x00000007b0000000,0x00000007b0000000,0x00000007bd380000)
  from space 22016K, 99% used [0x00000007bd380000,0x00000007be8fc6d8,0x00000007be900000)
  to   space 23552K, 0% used [0x00000007be900000,0x00000007be900000,0x00000007c0000000)
 ParOldGen       total 77824K, used 70370K [0x0000000790000000, 0x0000000794c00000, 0x00000007b0000000)
  object space 77824K, 90% used [0x0000000790000000,0x00000007944b8938,0x0000000794c00000)
 Metaspace       used 56995K, capacity 58594K, committed 59104K, reserved 1101824K
  class space    used 6301K, capacity 6786K, committed 6912K, reserved 1048576K
}
Event: 15.089 GC heap before
{Heap before GC invocations=63 (full 5):
 PSYoungGen      total 238592K, used 238577K [0x00000007b0000000, 0x00000007c0000000, 0x00000007c0000000)
  eden space 216576K, 100% used [0x00000007b0000000,0x00000007bd380000,0x00000007bd380000)
  from space 22016K, 99% used [0x00000007bd380000,0x00000007be8fc6d8,0x00000007be900000)
  to   space 23552K, 0% used [0x00000007be900000,0x00000007be900000,0x00000007c0000000)
 ParOldGen       total 77824K, used 70370K [0x0000000790000000, 0x0000000794c00000, 0x00000007b0000000)
  object space 77824K, 90% used [0x0000000790000000,0x00000007944b8938,0x0000000794c00000)
 Metaspace       used 58955K, capacity 60708K, committed 61152K, reserved 1103872K
  class space    used 6608K, capacity 7145K, committed 7168K, reserved 1048576K
Event: 15.121 GC heap after
Heap after GC invocations=63 (full 5):
 PSYoungGen      total 221184K, used 23538K [0x00000007b0000000, 0x00000007c0000000, 0x00000007c0000000)
  eden space 197632K, 0% used [0x00000007b0000000,0x00000007b0000000,0x00000007bc100000)
  from space 23552K, 99% used [0x00000007be900000,0x00000007bfffc998,0x00000007c0000000)
  to   space 32256K, 0% used [0x00000007bc100000,0x00000007bc100000,0x00000007be080000)
 ParOldGen       total 79360K, used 79130K [0x0000000790000000, 0x0000000794d80000, 0x00000007b0000000)
  object space 79360K, 99% used [0x0000000790000000,0x0000000794d46888,0x0000000794d80000)
 Metaspace       used 58955K, capacity 60708K, committed 61152K, reserved 1103872K
  class space    used 6608K, capacity 7145K, committed 7168K, reserved 1048576K
}
Event: 15.121 GC heap before
{Heap before GC invocations=64 (full 6):
 PSYoungGen      total 221184K, used 23538K [0x00000007b0000000, 0x00000007c0000000, 0x00000007c0000000)
  eden space 197632K, 0% used [0x00000007b0000000,0x00000007b0000000,0x00000007bc100000)
  from space 23552K, 99% used [0x00000007be900000,0x00000007bfffc998,0x00000007c0000000)
  to   space 32256K, 0% used [0x00000007bc100000,0x00000007bc100000,0x00000007be080000)
 ParOldGen       total 79360K, used 79130K [0x0000000790000000, 0x0000000794d80000, 0x00000007b0000000)
  object space 79360K, 99% used [0x0000000790000000,0x0000000794d46888,0x0000000794d80000)
 Metaspace       used 58955K, capacity 60708K, committed 61152K, reserved 1103872K
  class space    used 6608K, capacity 7145K, committed 7168K, reserved 1048576K
Event: 15.942 GC heap after
Heap after GC invocations=64 (full 6):
 PSYoungGen      total 221184K, used 22363K [0x00000007b0000000, 0x00000007c0000000, 0x00000007c0000000)
  eden space 197632K, 0% used [0x00000007b0000000,0x00000007b0000000,0x00000007bc100000)
  from space 23552K, 94% used [0x00000007be900000,0x00000007bfed6f30,0x00000007c0000000)
  to   space 32256K, 0% used [0x00000007bc100000,0x00000007bc100000,0x00000007be080000)
 ParOldGen       total 95744K, used 78894K [0x0000000790000000, 0x0000000795d80000, 0x00000007b0000000)
  object space 95744K, 82% used [0x0000000790000000,0x0000000794d0b9b8,0x0000000795d80000)
 Metaspace       used 58955K, capacity 60708K, committed 61152K, reserved 1103872K
  class space    used 6608K, capacity 7145K, committed 7168K, reserved 1048576K
}

Deoptimization events (10 events):
Event: 12.837 Thread 0x00007fdbba67f000 Uncommon trap: reason=bimorphic action=maybe_recompile pc=0x0000000103882da8 method=org.codehaus.groovy.runtime.metaclass.MetaMethodIndex.addMethodToList(Ljava/lang/Object;Lgroovy/lang/MetaMethod;)Ljava/lang/Object; @ 97
Event: 13.419 Thread 0x00007fdbba67f000 Uncommon trap: reason=bimorphic action=maybe_recompile pc=0x00000001039af740 method=groovy.lang.MetaClassImpl$1MOPIter.methodNameAction(Ljava/lang/Class;Lorg/codehaus/groovy/runtime/metaclass/MetaMethodIndex$Entry;)V @ 62
Event: 13.419 Thread 0x00007fdbba67f000 Uncommon trap: reason=bimorphic action=maybe_recompile pc=0x00000001039af740 method=groovy.lang.MetaClassImpl$1MOPIter.methodNameAction(Ljava/lang/Class;Lorg/codehaus/groovy/runtime/metaclass/MetaMethodIndex$Entry;)V @ 62
Event: 13.419 Thread 0x00007fdbba67f000 Uncommon trap: reason=bimorphic action=maybe_recompile pc=0x00000001039af740 method=groovy.lang.MetaClassImpl$1MOPIter.methodNameAction(Ljava/lang/Class;Lorg/codehaus/groovy/runtime/metaclass/MetaMethodIndex$Entry;)V @ 62
Event: 13.419 Thread 0x00007fdbba67f000 Uncommon trap: reason=bimorphic action=maybe_recompile pc=0x00000001039af740 method=groovy.lang.MetaClassImpl$1MOPIter.methodNameAction(Ljava/lang/Class;Lorg/codehaus/groovy/runtime/metaclass/MetaMethodIndex$Entry;)V @ 62
Event: 13.789 Thread 0x00007fdbba67f000 Uncommon trap: reason=array_check action=maybe_recompile pc=0x0000000103a1d1cc method=java.util.AbstractCollection.toArray([Ljava/lang/Object;)[Ljava/lang/Object; @ 119
Event: 13.789 Thread 0x00007fdbba67f000 Uncommon trap: reason=array_check action=maybe_recompile pc=0x0000000103a1d1cc method=java.util.AbstractCollection.toArray([Ljava/lang/Object;)[Ljava/lang/Object; @ 119
Event: 13.789 Thread 0x00007fdbba67f000 Uncommon trap: reason=array_check action=maybe_recompile pc=0x0000000103a1d1cc method=java.util.AbstractCollection.toArray([Ljava/lang/Object;)[Ljava/lang/Object; @ 119
Event: 13.789 Thread 0x00007fdbba67f000 Uncommon trap: reason=array_check action=maybe_recompile pc=0x0000000103a1d1cc method=java.util.AbstractCollection.toArray([Ljava/lang/Object;)[Ljava/lang/Object; @ 119
Event: 14.066 Thread 0x00007fdbba67f000 Uncommon trap: reason=unloaded action=reinterpret pc=0x0000000103729eb8 method=com.sun.beans.TypeResolver.resolve(Ljava/lang/reflect/Type;Ljava/lang/reflect/Type;)Ljava/lang/reflect/Type; @ 175

Internal exceptions (10 events):
Event: 16.279 Thread 0x00007fdbba67f000 Exception <a 'java/security/PrivilegedActionException'> (0x00000007b1cfad38) thrown at [/HUDSON3/workspace/8-2-build-macosx-x86_64/jdk8u11/648/hotspot/src/share/vm/prims/jvm.cpp, line 1248]
Event: 16.279 Thread 0x00007fdbba67f000 Exception <a 'java/security/PrivilegedActionException'> (0x00000007b1d0e5b8) thrown at [/HUDSON3/workspace/8-2-build-macosx-x86_64/jdk8u11/648/hotspot/src/share/vm/prims/jvm.cpp, line 1248]
Event: 16.280 Thread 0x00007fdbba67f000 Exception <a 'java/security/PrivilegedActionException'> (0x00000007b1d2aba8) thrown at [/HUDSON3/workspace/8-2-build-macosx-x86_64/jdk8u11/648/hotspot/src/share/vm/prims/jvm.cpp, line 1248]
Event: 16.280 Thread 0x00007fdbba67f000 Exception <a 'java/security/PrivilegedActionException'> (0x00000007b1d2fc30) thrown at [/HUDSON3/workspace/8-2-build-macosx-x86_64/jdk8u11/648/hotspot/src/share/vm/prims/jvm.cpp, line 1248]
Event: 16.281 Thread 0x00007fdbba67f000 Exception <a 'java/security/PrivilegedActionException'> (0x00000007b1d437d0) thrown at [/HUDSON3/workspace/8-2-build-macosx-x86_64/jdk8u11/648/hotspot/src/share/vm/prims/jvm.cpp, line 1248]
Event: 16.281 Thread 0x00007fdbba67f000 Exception <a 'java/security/PrivilegedActionException'> (0x00000007b1d70ac0) thrown at [/HUDSON3/workspace/8-2-build-macosx-x86_64/jdk8u11/648/hotspot/src/share/vm/prims/jvm.cpp, line 1248]
Event: 16.282 Thread 0x00007fdbba67f000 Exception <a 'java/lang/ClassNotFoundException': org/codehaus/groovy/grails/orm/hibernate/AbstractHibernateGormEnhancerCustomizer> (0x00000007b1d716f0) thrown at [/HUDSON3/workspace/8-2-build-macosx-x86_64/jdk8u11/648/hotspot/src/share/vm/classfile/system
Event: 16.283 Thread 0x00007fdbba67f000 Exception <a 'java/security/PrivilegedActionException'> (0x00000007b1d93058) thrown at [/HUDSON3/workspace/8-2-build-macosx-x86_64/jdk8u11/648/hotspot/src/share/vm/prims/jvm.cpp, line 1248]
Event: 16.283 Thread 0x00007fdbba67f000 Exception <a 'java/security/PrivilegedActionException'> (0x00000007b1d97850) thrown at [/HUDSON3/workspace/8-2-build-macosx-x86_64/jdk8u11/648/hotspot/src/share/vm/prims/jvm.cpp, line 1248]
Event: 16.284 Thread 0x00007fdbba67f000 Exception <a 'java/security/PrivilegedActionException'> (0x00000007b1da9ad0) thrown at [/HUDSON3/workspace/8-2-build-macosx-x86_64/jdk8u11/648/hotspot/src/share/vm/prims/jvm.cpp, line 1248]

Events (10 events):
Event: 16.278 loading class org/grails/datastore/gorm/GormEnhancerCustomizer
Event: 16.278 loading class org/grails/datastore/gorm/GormEnhancerCustomizer done
Event: 16.279 loading class org/codehaus/groovy/grails/orm/hibernate/AbstractHibernateGormEnhancerCustomizer
Event: 16.279 loading class org/codehaus/groovy/grails/orm/hibernate/AbstractHibernateGormEnhancerCustomizer done
Event: 16.280 loading class org/codehaus/groovy/grails/orm/hibernate/AbstractHibernateGormEnhancerCustomizer
Event: 16.280 loading class org/codehaus/groovy/grails/orm/hibernate/AbstractHibernateGormEnhancerCustomizer done
Event: 16.282 loading class org/codehaus/groovy/grails/orm/hibernate/AbstractHibernateGormEnhancerCustomizer
Event: 16.282 loading class org/codehaus/groovy/grails/orm/hibernate/AbstractHibernateGormEnhancerCustomizer done
Event: 16.283 loading class org/codehaus/groovy/grails/orm/hibernate/HibernateGormEnhancerCustomizer
Event: 16.283 loading class org/codehaus/groovy/grails/orm/hibernate/HibernateGormEnhancerCustomizer done


Dynamic libraries:
0x00000000045da000 	/System/Library/Frameworks/Cocoa.framework/Versions/A/Cocoa
0x00000000045da000 	/System/Library/Frameworks/Security.framework/Versions/A/Security
0x00000000045da000 	/System/Library/Frameworks/ApplicationServices.framework/Versions/A/ApplicationServices
0x00000000045da000 	/usr/lib/libz.1.dylib
0x00000000045da000 	/usr/lib/libSystem.B.dylib
0x00000000045da000 	/usr/lib/libobjc.A.dylib
0x00000000045da000 	/System/Library/Frameworks/CoreFoundation.framework/Versions/A/CoreFoundation
0x00000000045da000 	/System/Library/Frameworks/Foundation.framework/Versions/C/Foundation
0x00000000045da000 	/System/Library/Frameworks/AppKit.framework/Versions/C/AppKit
0x00000000045da000 	/System/Library/Frameworks/CoreData.framework/Versions/A/CoreData
0x00000000045da000 	/System/Library/PrivateFrameworks/RemoteViewServices.framework/Versions/A/RemoteViewServices
0x00000000045da000 	/System/Library/PrivateFrameworks/UIFoundation.framework/Versions/A/UIFoundation
0x00000000045da000 	/System/Library/Frameworks/IOSurface.framework/Versions/A/IOSurface
0x00000000045da000 	/System/Library/Frameworks/AudioToolbox.framework/Versions/A/AudioToolbox
0x00000000045da000 	/System/Library/Frameworks/AudioUnit.framework/Versions/A/AudioUnit
0x00000000045da000 	/System/Library/PrivateFrameworks/DataDetectorsCore.framework/Versions/A/DataDetectorsCore
0x00000000045da000 	/System/Library/PrivateFrameworks/DesktopServicesPriv.framework/Versions/A/DesktopServicesPriv
0x00000000045da000 	/System/Library/Frameworks/Carbon.framework/Versions/A/Frameworks/HIToolbox.framework/Versions/A/HIToolbox
0x00000000045da000 	/System/Library/Frameworks/QuartzCore.framework/Versions/A/QuartzCore
0x00000000045da000 	/System/Library/Frameworks/Carbon.framework/Versions/A/Frameworks/SpeechRecognition.framework/Versions/A/SpeechRecognition
0x00000000045da000 	/usr/lib/libauto.dylib
0x00000000045da000 	/usr/lib/libicucore.A.dylib
0x00000000045da000 	/usr/lib/libxml2.2.dylib
0x00000000045da000 	/System/Library/PrivateFrameworks/CoreUI.framework/Versions/A/CoreUI
0x00000000045da000 	/System/Library/Frameworks/CoreAudio.framework/Versions/A/CoreAudio
0x00000000045da000 	/System/Library/Frameworks/DiskArbitration.framework/Versions/A/DiskArbitration
0x00000000045da000 	/usr/lib/liblangid.dylib
0x00000000045da000 	/System/Library/PrivateFrameworks/MultitouchSupport.framework/Versions/A/MultitouchSupport
0x00000000045da000 	/System/Library/Frameworks/IOKit.framework/Versions/A/IOKit
0x00000000045da000 	/usr/lib/libDiagnosticMessagesClient.dylib
0x00000000045da000 	/System/Library/Frameworks/CoreServices.framework/Versions/A/CoreServices
0x00000000045da000 	/System/Library/PrivateFrameworks/PerformanceAnalysis.framework/Versions/A/PerformanceAnalysis
0x00000000045da000 	/System/Library/PrivateFrameworks/GenerationalStorage.framework/Versions/A/GenerationalStorage
0x00000000045da000 	/System/Library/Frameworks/OpenGL.framework/Versions/A/OpenGL
0x00000000045da000 	/System/Library/PrivateFrameworks/Sharing.framework/Versions/A/Sharing
0x00000000045da000 	/System/Library/Frameworks/CoreGraphics.framework/Versions/A/CoreGraphics
0x00000000045da000 	/System/Library/Frameworks/CoreText.framework/Versions/A/CoreText
0x00000000045da000 	/System/Library/Frameworks/ImageIO.framework/Versions/A/ImageIO
0x00000000045da000 	/usr/lib/libextension.dylib
0x00000000045da000 	/System/Library/PrivateFrameworks/Backup.framework/Versions/A/Backup
0x00000000045da000 	/usr/lib/libarchive.2.dylib
0x00000000045da000 	/System/Library/Frameworks/CFNetwork.framework/Versions/A/CFNetwork
0x00000000045da000 	/System/Library/Frameworks/SystemConfiguration.framework/Versions/A/SystemConfiguration
0x00000000045da000 	/usr/lib/libCRFSuite.dylib
0x00000000045da000 	/usr/lib/libc++.1.dylib
0x00000000045da000 	/usr/lib/libc++abi.dylib
0x00000000045da000 	/usr/lib/system/libcache.dylib
0x00000000045da000 	/usr/lib/system/libcommonCrypto.dylib
0x00000000045da000 	/usr/lib/system/libcompiler_rt.dylib
0x00000000045da000 	/usr/lib/system/libcopyfile.dylib
0x00000000045da000 	/usr/lib/system/libcorecrypto.dylib
0x00000000045da000 	/usr/lib/system/libdispatch.dylib
0x00000000045da000 	/usr/lib/system/libdyld.dylib
0x00000000045da000 	/usr/lib/system/libkeymgr.dylib
0x00000000045da000 	/usr/lib/system/liblaunch.dylib
0x00000000045da000 	/usr/lib/system/libmacho.dylib
0x00000000045da000 	/usr/lib/system/libquarantine.dylib
0x00000000045da000 	/usr/lib/system/libremovefile.dylib
0x00000000045da000 	/usr/lib/system/libsystem_asl.dylib
0x00000000045da000 	/usr/lib/system/libsystem_blocks.dylib
0x00000000045da000 	/usr/lib/system/libsystem_c.dylib
0x00000000045da000 	/usr/lib/system/libsystem_configuration.dylib
0x00000000045da000 	/usr/lib/system/libsystem_coreservices.dylib
0x00000000045da000 	/usr/lib/system/libsystem_coretls.dylib
0x00000000045da000 	/usr/lib/system/libsystem_dnssd.dylib
0x00000000045da000 	/usr/lib/system/libsystem_info.dylib
0x00000000045da000 	/usr/lib/system/libsystem_kernel.dylib
0x00000000045da000 	/usr/lib/system/libsystem_m.dylib
0x00000000045da000 	/usr/lib/system/libsystem_malloc.dylib
0x00000000045da000 	/usr/lib/system/libsystem_network.dylib
0x00000000045da000 	/usr/lib/system/libsystem_networkextension.dylib
0x00000000045da000 	/usr/lib/system/libsystem_notify.dylib
0x00000000045da000 	/usr/lib/system/libsystem_platform.dylib
0x00000000045da000 	/usr/lib/system/libsystem_pthread.dylib
0x00000000045da000 	/usr/lib/system/libsystem_sandbox.dylib
0x00000000045da000 	/usr/lib/system/libsystem_secinit.dylib
0x00000000045da000 	/usr/lib/system/libsystem_stats.dylib
0x00000000045da000 	/usr/lib/system/libsystem_trace.dylib
0x00000000045da000 	/usr/lib/system/libunc.dylib
0x00000000045da000 	/usr/lib/system/libunwind.dylib
0x00000000045da000 	/usr/lib/system/libxpc.dylib
0x00000000045da000 	/usr/lib/libbz2.1.0.dylib
0x00000000045da000 	/usr/lib/liblzma.5.dylib
0x00000000045da000 	/usr/lib/libbsm.0.dylib
0x00000000045da000 	/usr/lib/libsqlite3.dylib
0x00000000045da000 	/usr/lib/system/libkxld.dylib
0x00000000045da000 	/usr/lib/libxar.1.dylib
0x00000000045da000 	/usr/lib/libpam.2.dylib
0x00000000045da000 	/usr/lib/libOpenScriptingUtil.dylib
0x00000000045da000 	/System/Library/Frameworks/CoreServices.framework/Versions/A/Frameworks/FSEvents.framework/Versions/A/FSEvents
0x00000000045da000 	/System/Library/Frameworks/CoreServices.framework/Versions/A/Frameworks/CarbonCore.framework/Versions/A/CarbonCore
0x00000000045da000 	/System/Library/Frameworks/CoreServices.framework/Versions/A/Frameworks/Metadata.framework/Versions/A/Metadata
0x00000000045da000 	/System/Library/Frameworks/CoreServices.framework/Versions/A/Frameworks/OSServices.framework/Versions/A/OSServices
0x00000000045da000 	/System/Library/Frameworks/CoreServices.framework/Versions/A/Frameworks/SearchKit.framework/Versions/A/SearchKit
0x00000000045da000 	/System/Library/Frameworks/CoreServices.framework/Versions/A/Frameworks/AE.framework/Versions/A/AE
0x00000000045da000 	/System/Library/Frameworks/CoreServices.framework/Versions/A/Frameworks/LaunchServices.framework/Versions/A/LaunchServices
0x00000000045da000 	/System/Library/Frameworks/CoreServices.framework/Versions/A/Frameworks/DictionaryServices.framework/Versions/A/DictionaryServices
0x00000000045da000 	/System/Library/Frameworks/NetFS.framework/Versions/A/NetFS
0x00000000045da000 	/System/Library/PrivateFrameworks/NetAuth.framework/Versions/A/NetAuth
0x00000000045da000 	/System/Library/PrivateFrameworks/login.framework/Versions/A/Frameworks/loginsupport.framework/Versions/A/loginsupport
0x00000000045da000 	/System/Library/PrivateFrameworks/TCC.framework/Versions/A/TCC
0x00000000045da000 	/usr/lib/libmecabra.dylib
0x00000000045da000 	/System/Library/Frameworks/ApplicationServices.framework/Versions/A/Frameworks/ATS.framework/Versions/A/ATS
0x00000000045da000 	/System/Library/Frameworks/ApplicationServices.framework/Versions/A/Frameworks/ColorSync.framework/Versions/A/ColorSync
0x00000000045da000 	/System/Library/Frameworks/ApplicationServices.framework/Versions/A/Frameworks/HIServices.framework/Versions/A/HIServices
0x00000000045da000 	/System/Library/Frameworks/ApplicationServices.framework/Versions/A/Frameworks/LangAnalysis.framework/Versions/A/LangAnalysis
0x00000000045da000 	/System/Library/Frameworks/ApplicationServices.framework/Versions/A/Frameworks/PrintCore.framework/Versions/A/PrintCore
0x00000000045da000 	/System/Library/Frameworks/ApplicationServices.framework/Versions/A/Frameworks/QD.framework/Versions/A/QD
0x00000000045da000 	/System/Library/Frameworks/ApplicationServices.framework/Versions/A/Frameworks/SpeechSynthesis.framework/Versions/A/SpeechSynthesis
0x00000000045da000 	/System/Library/Frameworks/Accelerate.framework/Versions/A/Accelerate
0x00000000045da000 	/System/Library/Frameworks/Accelerate.framework/Versions/A/Frameworks/vImage.framework/Versions/A/vImage
0x00000000045da000 	/System/Library/Frameworks/Accelerate.framework/Versions/A/Frameworks/vecLib.framework/Versions/A/vecLib
0x00000000045da000 	/System/Library/Frameworks/Accelerate.framework/Versions/A/Frameworks/vecLib.framework/Versions/A/libvDSP.dylib
0x00000000045da000 	/System/Library/Frameworks/Accelerate.framework/Versions/A/Frameworks/vecLib.framework/Versions/A/libvMisc.dylib
0x00000000045da000 	/System/Library/Frameworks/Accelerate.framework/Versions/A/Frameworks/vecLib.framework/Versions/A/libLAPACK.dylib
0x00000000045da000 	/System/Library/Frameworks/Accelerate.framework/Versions/A/Frameworks/vecLib.framework/Versions/A/libBLAS.dylib
0x00000000045da000 	/System/Library/Frameworks/Accelerate.framework/Versions/A/Frameworks/vecLib.framework/Versions/A/libLinearAlgebra.dylib
0x00000000045da000 	/System/Library/Frameworks/ApplicationServices.framework/Versions/A/Frameworks/ATS.framework/Versions/A/Resources/libFontParser.dylib
0x00000000045da000 	/System/Library/Frameworks/ApplicationServices.framework/Versions/A/Frameworks/ATS.framework/Versions/A/Resources/libFontRegistry.dylib
0x00000000045da000 	/System/Library/PrivateFrameworks/AppleVPA.framework/Versions/A/AppleVPA
0x00000000045da000 	/System/Library/PrivateFrameworks/AppleJPEG.framework/Versions/A/AppleJPEG
0x00000000045da000 	/System/Library/Frameworks/ImageIO.framework/Versions/A/Resources/libJPEG.dylib
0x00000000045da000 	/System/Library/Frameworks/ImageIO.framework/Versions/A/Resources/libTIFF.dylib
0x00000000045da000 	/System/Library/Frameworks/ImageIO.framework/Versions/A/Resources/libPng.dylib
0x00000000045da000 	/System/Library/Frameworks/ImageIO.framework/Versions/A/Resources/libGIF.dylib
0x00000000045da000 	/System/Library/Frameworks/ImageIO.framework/Versions/A/Resources/libJP2.dylib
0x00000000045da000 	/System/Library/Frameworks/ImageIO.framework/Versions/A/Resources/libRadiance.dylib
0x00000000045da000 	/System/Library/Frameworks/CoreVideo.framework/Versions/A/CoreVideo
0x00000000045da000 	/System/Library/Frameworks/OpenGL.framework/Versions/A/Libraries/libGLU.dylib
0x00000000045da000 	/System/Library/Frameworks/OpenGL.framework/Versions/A/Libraries/libGFXShared.dylib
0x00000000045da000 	/System/Library/Frameworks/OpenGL.framework/Versions/A/Libraries/libGL.dylib
0x00000000045da000 	/System/Library/Frameworks/OpenGL.framework/Versions/A/Libraries/libGLImage.dylib
0x00000000045da000 	/System/Library/Frameworks/OpenGL.framework/Versions/A/Libraries/libCVMSPluginSupport.dylib
0x00000000045da000 	/System/Library/Frameworks/OpenGL.framework/Versions/A/Libraries/libCoreVMClient.dylib
0x00000000045da000 	/usr/lib/libcups.2.dylib
0x00000000045da000 	/System/Library/Frameworks/Kerberos.framework/Versions/A/Kerberos
0x00000000045da000 	/System/Library/Frameworks/GSS.framework/Versions/A/GSS
0x00000000045da000 	/usr/lib/libresolv.9.dylib
0x00000000045da000 	/usr/lib/libiconv.2.dylib
0x00000000045da000 	/System/Library/PrivateFrameworks/Heimdal.framework/Versions/A/Heimdal
0x00000000045da000 	/usr/lib/libheimdal-asn1.dylib
0x00000000045da000 	/System/Library/Frameworks/OpenDirectory.framework/Versions/A/OpenDirectory
0x00000000045da000 	/System/Library/PrivateFrameworks/CommonAuth.framework/Versions/A/CommonAuth
0x00000000045da000 	/System/Library/Frameworks/OpenDirectory.framework/Versions/A/Frameworks/CFOpenDirectory.framework/Versions/A/CFOpenDirectory
0x00000000045da000 	/System/Library/Frameworks/SecurityFoundation.framework/Versions/A/SecurityFoundation
0x00000000045da000 	/System/Library/PrivateFrameworks/LanguageModeling.framework/Versions/A/LanguageModeling
0x00000000045da000 	/usr/lib/libcmph.dylib
0x00000000045da000 	/System/Library/Frameworks/ServiceManagement.framework/Versions/A/ServiceManagement
0x00000000045da000 	/usr/lib/libxslt.1.dylib
0x00000000045da000 	/System/Library/Frameworks/Carbon.framework/Versions/A/Frameworks/Ink.framework/Versions/A/Ink
0x00000000045da000 	/System/Library/Frameworks/QuartzCore.framework/Versions/A/Frameworks/CoreImage.framework/Versions/A/CoreImage
0x00000000045da000 	/System/Library/PrivateFrameworks/CrashReporterSupport.framework/Versions/A/CrashReporterSupport
0x00000000045da000 	/System/Library/Frameworks/OpenCL.framework/Versions/A/OpenCL
0x00000000045da000 	/System/Library/PrivateFrameworks/FaceCore.framework/Versions/A/FaceCore
0x00000000045da000 	/System/Library/PrivateFrameworks/Ubiquity.framework/Versions/A/Ubiquity
0x00000000045da000 	/System/Library/PrivateFrameworks/IconServices.framework/Versions/A/IconServices
0x00000000045da000 	/System/Library/PrivateFrameworks/ChunkingLibrary.framework/Versions/A/ChunkingLibrary
0x00000000045da000 	/System/Library/PrivateFrameworks/Apple80211.framework/Versions/A/Apple80211
0x00000000045da000 	/System/Library/Frameworks/CoreWLAN.framework/Versions/A/CoreWLAN
0x00000000045da000 	/System/Library/Frameworks/IOBluetooth.framework/Versions/A/IOBluetooth
0x00000000045da000 	/System/Library/PrivateFrameworks/CoreWiFi.framework/Versions/A/CoreWiFi
0x00000000045da000 	/System/Library/Frameworks/CoreBluetooth.framework/Versions/A/CoreBluetooth
0x00000000045da000 	/System/Library/PrivateFrameworks/DebugSymbols.framework/Versions/A/DebugSymbols
0x00000000045da000 	/System/Library/PrivateFrameworks/CoreSymbolication.framework/Versions/A/CoreSymbolication
0x00000000045da000 	/System/Library/PrivateFrameworks/Symbolication.framework/Versions/A/Symbolication
0x00000000045da000 	/System/Library/PrivateFrameworks/SpeechRecognitionCore.framework/Versions/A/SpeechRecognitionCore
0x0000000100f54000 	/Library/Java/JavaVirtualMachines/jdk1.8.0_11.jdk/Contents/Home/jre/lib/server/libjvm.dylib
0x00000000045da000 	/usr/lib/libstdc++.6.dylib
0x0000000101f2f000 	/Library/Java/JavaVirtualMachines/jdk1.8.0_11.jdk/Contents/Home/jre/lib/libverify.dylib
0x0000000101f3d000 	/Library/Java/JavaVirtualMachines/jdk1.8.0_11.jdk/Contents/Home/jre/lib/libjava.dylib
0x0000000101f72000 	/Library/Java/JavaVirtualMachines/jdk1.8.0_11.jdk/Contents/Home/jre/lib/libinstrument.dylib
0x0000000101fd0000 	/Library/Java/JavaVirtualMachines/jdk1.8.0_11.jdk/Contents/Home/jre/lib/libzip.dylib
0x0000000101fe8000 	/System/Library/Frameworks/JavaVM.framework/Frameworks/JavaRuntimeSupport.framework/JavaRuntimeSupport
0x0000000115979000 	/System/Library/Frameworks/JavaVM.framework/Versions/A/Frameworks/JavaNativeFoundation.framework/Versions/A/JavaNativeFoundation
0x000000011598e000 	/System/Library/Frameworks/JavaVM.framework/Versions/A/JavaVM
0x00000000045da000 	/System/Library/Frameworks/Carbon.framework/Versions/A/Carbon
0x000000011599b000 	/System/Library/PrivateFrameworks/JavaLaunching.framework/Versions/A/JavaLaunching
0x00000000045da000 	/System/Library/Frameworks/Carbon.framework/Versions/A/Frameworks/CommonPanels.framework/Versions/A/CommonPanels
0x00000000045da000 	/System/Library/Frameworks/Carbon.framework/Versions/A/Frameworks/Help.framework/Versions/A/Help
0x00000000045da000 	/System/Library/Frameworks/Carbon.framework/Versions/A/Frameworks/ImageCapture.framework/Versions/A/ImageCapture
0x00000000045da000 	/System/Library/Frameworks/Carbon.framework/Versions/A/Frameworks/OpenScripting.framework/Versions/A/OpenScripting
0x00000000045da000 	/System/Library/Frameworks/Carbon.framework/Versions/A/Frameworks/Print.framework/Versions/A/Print
0x00000000045da000 	/System/Library/Frameworks/Carbon.framework/Versions/A/Frameworks/SecurityHI.framework/Versions/A/SecurityHI
0x00000001179b1000 	/private/var/folders/6y/3fw0kf7s2g980pt69t5qps0c0000gn/T/libjansi-64-6277144067333617767.jnilib
0x0000000117a12000 	/Library/Java/JavaVirtualMachines/jdk1.8.0_11.jdk/Contents/Home/jre/lib/libnet.dylib
0x0000000117bee000 	/Library/Java/JavaVirtualMachines/jdk1.8.0_11.jdk/Contents/Home/jre/lib/libmanagement.dylib
0x0000000117bfb000 	/Library/Java/JavaVirtualMachines/jdk1.8.0_11.jdk/Contents/Home/jre/lib/libnio.dylib

VM Arguments:
jvm_args: -Dfile.encoding=UTF-8 -Xmx768M -Xms64M -Dgrails.fork.parent.process.port=53761 -Dgrails.fork.active=true -Dgrails.build.execution.context=/private/var/folders/6y/3fw0kf7s2g980pt69t5qps0c0000gn/T/code4good7231113034964124480grails-execution-context -Dgrails.home=/Users/jason/grails-2.4.3 -javaagent:/Users/jason/grails-2.4.3/lib/org.springframework/springloaded/jars/springloaded-1.2.0.RELEASE.jar -Xverify:none -Dspringloaded.synchronize=true -Djdk.reflect.allowGetCallerClass=true -Dspringloaded=profile=grails;cacheDir=/Users/jason/.grails/2.4.3 
java_command: org.grails.plugins.tomcat.fork.ForkedTomcatServer
java_class_path (initial): /Library/Java/JavaVirtualMachines/jdk1.8.0_11.jdk/Contents/Home/lib/tools.jar:/Users/jason/grails-2.4.3/lib/org.codehaus.groovy/groovy-all/jars/groovy-all-2.3.6.jar:/Users/jason/grails-2.4.3/lib/org.slf4j/jcl-over-slf4j/jars/jcl-over-slf4j-1.7.5.jar:/Users/jason/grails-2.4.3/lib/org.codehaus.gant/gant_groovy1.8/jars/gant_groovy1.8-1.9.6.jar:/Users/jason/grails-2.4.3/lib/org.apache.tomcat.embed/tomcat-embed-logging-log4j/jars/tomcat-embed-logging-log4j-7.0.50.jar:/Users/jason/grails-2.4.3/dist/grails-plugin-log4j-2.4.3.jar:/Users/jason/grails-2.4.3/lib/log4j/log4j/jars/log4j-1.2.17.jar:/Users/jason/grails-2.4.3/dist/grails-bootstrap-2.4.3.jar:/Users/jason/grails-2.4.3/lib/org.slf4j/slf4j-api/jars/slf4j-api-1.7.5.jar:/Users/jason/grails-2.4.3/lib/jline/jline/jars/jline-2.12.jar:/Users/jason/grails-2.4.3/lib/org.apache.ant/ant/jars/ant-1.8.4.jar:/Users/jason/grails-2.4.3/lib/org.apache.ant/ant-launcher/jars/ant-launcher-1.8.4.jar:/Users/jason/grails-2.4.3/lib/org.apache.ant/ant-trax/jars/ant-trax-1.7.1.jar:/Users/jason/grails-2.4.3/lib/org.apache.ant/ant-junit/jars/ant-junit-1.8.4.jar:/Users/jason/grails-2.4.3/lib/org.apache.ivy/ivy/jars/ivy-2.3.0.jar:/Users/jason/grails-2.4.3/lib/org.fusesource.jansi/jansi/jars/jansi-1.11.jar:/Users/jason/.m2/repository/org/apache/tomcat/tomcat-catalina-ant/7.0.55/tomcat-catalina-ant-7.0.55.jar:/Users/jason/.m2/repository/org/apache/tomcat/embed/tomcat-embed-jasper/7.0.55/tomcat-embed-jasper-7.0.55.jar:/Users/jason/.m2/repository/org/apache/tomcat/embed/tomcat-embed-el/7.0.55/tomcat-embed-el-7.0.55.jar:/Users/jason/.m2/repository/org/apache/tomcat/embed/tomcat-embed-logging-log4j/7.0.55/tomcat-embed-logging-log4j-7.0.55.jar:/Users/jason/.m2/repository/org/apache/tomcat/embed/tomcat-embed-websocket/7.0.55/tomcat-embed-websocket-7.0.55.jar:/Users/jason/.m2/repository/org/apache/tomcat/embed/tomcat-embed-core/7.0.55/tomcat-embed-core-7.0.55.jar:/Users/jason/.m2/repository/org/eclipse/jdt/core/compiler/ecj/3.7
Launcher Type: SUN_STANDARD

Environment Variables:
JAVA_HOME=/Library/Java/JavaVirtualMachines/jdk1.8.0_11.jdk/Contents/Home
PATH=/usr/local/bin:/usr/bin:/bin:/usr/sbin:/sbin:/opt/X11/bin:/usr/local/go/bin:/Users/jason/activator-1.2.12:/Users/jason/grails-2.4.3/bin:/Library/Java/JavaVirtualMachines/jdk1.8.0_11.jdk/Contents/Home//bin:/Applications/Xcode.app/Contents/Developer/usr/bin/:/User/jason/bin/h2:/usr/local/go/bin
SHELL=/bin/bash
DISPLAY=/private/tmp/com.apple.launchd.c6FmTV2O9u/org.macosforge.xquartz:0

Signal Handlers:
SIGSEGV: [libjvm.dylib+0x56059b], sa_mask[0]=0xfffefeff, sa_flags=0x00000043
SIGBUS: [libjvm.dylib+0x56059b], sa_mask[0]=0xfffefeff, sa_flags=0x00000042
SIGFPE: [libjvm.dylib+0x4438f2], sa_mask[0]=0xfffefeff, sa_flags=0x00000042
SIGPIPE: [libjvm.dylib+0x4438f2], sa_mask[0]=0xfffefeff, sa_flags=0x00000042
SIGXFSZ: [libjvm.dylib+0x4438f2], sa_mask[0]=0xfffefeff, sa_flags=0x00000042
SIGILL: [libjvm.dylib+0x4438f2], sa_mask[0]=0xfffefeff, sa_flags=0x00000042
SIGUSR1: SIG_DFL, sa_mask[0]=0x00000000, sa_flags=0x00000000
SIGUSR2: [libjvm.dylib+0x443410], sa_mask[0]=0x00000004, sa_flags=0x00000042
SIGHUP: [libjvm.dylib+0x44179b], sa_mask[0]=0xfffefeff, sa_flags=0x00000042
SIGINT: [libjvm.dylib+0x44179b], sa_mask[0]=0xfffefeff, sa_flags=0x00000042
SIGTERM: [libjvm.dylib+0x44179b], sa_mask[0]=0xfffefeff, sa_flags=0x00000042
SIGQUIT: [libjvm.dylib+0x44179b], sa_mask[0]=0xfffefeff, sa_flags=0x00000042


---------------  S Y S T E M  ---------------

OS:Bsduname:Darwin 14.1.0 Darwin Kernel Version 14.1.0: Thu Feb 26 19:26:47 PST 2015; root:xnu-2782.10.73~1/RELEASE_X86_64 x86_64
rlimit: STACK 8192k, CORE 0k, NPROC 709, NOFILE 10240, AS infinity
load average:3.68 3.28 3.10

CPU:total 4 (2 cores per cpu, 2 threads per core) family 6 model 69 stepping 1, cmov, cx8, fxsr, mmx, sse, sse2, sse3, ssse3, sse4.1, sse4.2, popcnt, avx, avx2, aes, clmul, erms, ht, tsc, tscinvbit

Memory: 4k page, physical 16777216k(129644k free)

/proc/meminfo:


vm_info: Java HotSpot(TM) 64-Bit Server VM (25.11-b03) for bsd-amd64 JRE (1.8.0_11-b12), built on Jun 16 2014 17:39:42 by "java_re" with gcc 4.2.1 (Based on Apple Inc. build 5658) (LLVM build 2336.11.00)

time: Sat Mar 28 22:44:51 2015
elapsed time: 16 seconds

